2025-02-24 17:51:08,671	[INFO]	(client.py:162)_bot_login	[botpy] 登录机器人账号中...
2025-02-24 17:51:08,844	[INFO]	(robot.py:65)update_access_token	[botpy] access_token expires_in 6692
2025-02-24 17:51:09,320	[INFO]	(client.py:181)_bot_init	[botpy] 程序启动...
2025-02-24 17:51:09,321	[INFO]	(connection.py:60)multi_run	[botpy] 最大并发连接数: 1, 启动会话数: 1
2025-02-24 17:51:09,321	[INFO]	(client.py:242)bot_connect	[botpy] 会话启动中...
2025-02-24 17:51:09,321	[INFO]	(gateway.py:115)ws_connect	[botpy] 启动中...
2025-02-24 17:51:09,455	[INFO]	(gateway.py:142)ws_identify	[botpy] 鉴权中...
2025-02-24 17:51:09,556	[INFO]	(gateway.py:85)on_message	[botpy] 机器人「电费通知可爱妹妹-测试中」启动成功！
2025-02-24 17:51:09,558	[INFO]	(gateway.py:223)_send_heart	[botpy] 心跳维持启动...
2025-02-24 17:51:09,558	[INFO]	(demo_c2c_reply_text.py:16)on_ready	robot 「电费通知可爱妹妹-测试中」 on_ready!
2025-02-24 17:52:34,919	[INFO]	(client.py:162)_bot_login	[botpy] 登录机器人账号中...
2025-02-24 17:52:35,053	[INFO]	(robot.py:65)update_access_token	[botpy] access_token expires_in 6606
2025-02-24 17:52:35,524	[INFO]	(client.py:181)_bot_init	[botpy] 程序启动...
2025-02-24 17:52:35,524	[INFO]	(connection.py:60)multi_run	[botpy] 最大并发连接数: 1, 启动会话数: 1
2025-02-24 17:52:35,524	[INFO]	(client.py:242)bot_connect	[botpy] 会话启动中...
2025-02-24 17:52:35,524	[INFO]	(gateway.py:115)ws_connect	[botpy] 启动中...
2025-02-24 17:52:35,662	[INFO]	(gateway.py:142)ws_identify	[botpy] 鉴权中...
2025-02-24 17:52:35,740	[INFO]	(gateway.py:85)on_message	[botpy] 机器人「电费通知可爱妹妹-测试中」启动成功！
2025-02-24 17:52:35,740	[INFO]	(gateway.py:223)_send_heart	[botpy] 心跳维持启动...
2025-02-24 17:52:35,740	[INFO]	(demo_c2c_reply_text.py:16)on_ready	robot 「电费通知可爱妹妹-测试中」 on_ready!
2025-02-24 17:56:47,689	[INFO]	(client.py:162)_bot_login	[botpy] 登录机器人账号中...
2025-02-24 17:56:47,815	[INFO]	(robot.py:65)update_access_token	[botpy] access_token expires_in 6353
2025-02-24 17:56:48,301	[INFO]	(client.py:181)_bot_init	[botpy] 程序启动...
2025-02-24 17:56:48,301	[INFO]	(connection.py:60)multi_run	[botpy] 最大并发连接数: 1, 启动会话数: 1
2025-02-24 17:56:48,302	[INFO]	(client.py:242)bot_connect	[botpy] 会话启动中...
2025-02-24 17:56:48,302	[INFO]	(gateway.py:115)ws_connect	[botpy] 启动中...
2025-02-24 17:56:48,428	[INFO]	(gateway.py:142)ws_identify	[botpy] 鉴权中...
2025-02-24 17:56:48,519	[INFO]	(gateway.py:85)on_message	[botpy] 机器人「电费通知可爱妹妹-测试中」启动成功！
2025-02-24 17:56:48,519	[INFO]	(gateway.py:223)_send_heart	[botpy] 心跳维持启动...
2025-02-24 17:56:48,519	[INFO]	(Elect_bot.py:212)on_ready	robot 「电费通知可爱妹妹-测试中」 on_ready!
2025-02-24 17:57:41,615	[INFO]	(client.py:162)_bot_login	[botpy] 登录机器人账号中...
2025-02-24 17:57:41,751	[INFO]	(robot.py:65)update_access_token	[botpy] access_token expires_in 6299
2025-02-24 17:57:42,179	[INFO]	(client.py:181)_bot_init	[botpy] 程序启动...
2025-02-24 17:57:42,179	[INFO]	(connection.py:60)multi_run	[botpy] 最大并发连接数: 1, 启动会话数: 1
2025-02-24 17:57:42,179	[INFO]	(client.py:242)bot_connect	[botpy] 会话启动中...
2025-02-24 17:57:42,181	[INFO]	(gateway.py:115)ws_connect	[botpy] 启动中...
2025-02-24 17:57:42,569	[INFO]	(gateway.py:142)ws_identify	[botpy] 鉴权中...
2025-02-24 17:57:42,648	[INFO]	(gateway.py:85)on_message	[botpy] 机器人「电费通知可爱妹妹-测试中」启动成功！
2025-02-24 17:57:42,649	[INFO]	(gateway.py:223)_send_heart	[botpy] 心跳维持启动...
2025-02-24 17:57:42,649	[INFO]	(Elect_bot.py:212)on_ready	robot 「电费通知可爱妹妹-测试中」 on_ready!
2025-02-24 18:12:46,869	[INFO]	(client.py:162)_bot_login	[botpy] 登录机器人账号中...
2025-02-24 18:12:47,008	[INFO]	(robot.py:65)update_access_token	[botpy] access_token expires_in 5394
2025-02-24 18:12:47,731	[INFO]	(client.py:181)_bot_init	[botpy] 程序启动...
2025-02-24 18:12:47,731	[INFO]	(connection.py:60)multi_run	[botpy] 最大并发连接数: 1, 启动会话数: 1
2025-02-24 18:12:47,731	[INFO]	(client.py:242)bot_connect	[botpy] 会话启动中...
2025-02-24 18:12:47,731	[INFO]	(gateway.py:115)ws_connect	[botpy] 启动中...
2025-02-24 18:12:47,864	[INFO]	(gateway.py:142)ws_identify	[botpy] 鉴权中...
2025-02-24 18:12:47,958	[INFO]	(gateway.py:85)on_message	[botpy] 机器人「电费通知可爱妹妹-测试中」启动成功！
2025-02-24 18:12:47,958	[INFO]	(gateway.py:223)_send_heart	[botpy] 心跳维持启动...
2025-02-24 18:14:30,684	[INFO]	(client.py:162)_bot_login	[botpy] 登录机器人账号中...
2025-02-24 18:14:30,828	[INFO]	(robot.py:65)update_access_token	[botpy] access_token expires_in 5290
2025-02-24 18:14:31,298	[INFO]	(client.py:181)_bot_init	[botpy] 程序启动...
2025-02-24 18:14:31,298	[INFO]	(connection.py:60)multi_run	[botpy] 最大并发连接数: 1, 启动会话数: 1
2025-02-24 18:14:31,298	[INFO]	(client.py:242)bot_connect	[botpy] 会话启动中...
2025-02-24 18:14:31,298	[INFO]	(gateway.py:115)ws_connect	[botpy] 启动中...
2025-02-24 18:14:31,428	[INFO]	(gateway.py:142)ws_identify	[botpy] 鉴权中...
2025-02-24 18:14:31,505	[INFO]	(gateway.py:85)on_message	[botpy] 机器人「电费通知可爱妹妹-测试中」启动成功！
2025-02-24 18:14:31,505	[INFO]	(gateway.py:223)_send_heart	[botpy] 心跳维持启动...
2025-02-24 18:15:06,641	[INFO]	(client.py:162)_bot_login	[botpy] 登录机器人账号中...
2025-02-24 18:15:06,778	[INFO]	(robot.py:65)update_access_token	[botpy] access_token expires_in 5254
2025-02-24 18:15:07,318	[INFO]	(client.py:181)_bot_init	[botpy] 程序启动...
2025-02-24 18:15:07,318	[INFO]	(connection.py:60)multi_run	[botpy] 最大并发连接数: 1, 启动会话数: 1
2025-02-24 18:15:07,318	[INFO]	(client.py:242)bot_connect	[botpy] 会话启动中...
2025-02-24 18:15:07,318	[INFO]	(gateway.py:115)ws_connect	[botpy] 启动中...
2025-02-24 18:15:07,452	[INFO]	(gateway.py:142)ws_identify	[botpy] 鉴权中...
2025-02-24 18:15:07,543	[INFO]	(gateway.py:85)on_message	[botpy] 机器人「电费通知可爱妹妹-测试中」启动成功！
2025-02-24 18:15:07,543	[INFO]	(gateway.py:223)_send_heart	[botpy] 心跳维持启动...
2025-02-24 18:15:07,543	[INFO]	(demo_c2c_reply_text.py:16)on_ready	robot 「电费通知可爱妹妹-测试中」 on_ready!
2025-02-24 18:28:48,623	[INFO]	(client.py:162)_bot_login	[botpy] 登录机器人账号中...
2025-02-24 18:28:48,785	[INFO]	(robot.py:65)update_access_token	[botpy] access_token expires_in 4432
2025-02-24 18:28:49,262	[INFO]	(client.py:181)_bot_init	[botpy] 程序启动...
2025-02-24 18:28:49,262	[INFO]	(connection.py:60)multi_run	[botpy] 最大并发连接数: 1, 启动会话数: 1
2025-02-24 18:28:49,263	[INFO]	(client.py:242)bot_connect	[botpy] 会话启动中...
2025-02-24 18:28:49,263	[INFO]	(gateway.py:115)ws_connect	[botpy] 启动中...
2025-02-24 18:29:04,430	[INFO]	(gateway.py:142)ws_identify	[botpy] 鉴权中...
2025-02-24 18:29:04,531	[INFO]	(gateway.py:85)on_message	[botpy] 机器人「电费通知可爱妹妹-测试中」启动成功！
2025-02-24 18:29:04,531	[INFO]	(gateway.py:223)_send_heart	[botpy] 心跳维持启动...
2025-02-24 18:29:04,532	[INFO]	(demo_c2c_reply_text.py:16)on_ready	robot 「电费通知可爱妹妹-测试中」 on_ready!
2025-02-24 18:34:11,215	[INFO]	(client.py:162)_bot_login	[botpy] 登录机器人账号中...
2025-02-24 18:34:11,382	[INFO]	(robot.py:65)update_access_token	[botpy] access_token expires_in 4110
2025-02-24 18:34:11,883	[INFO]	(client.py:181)_bot_init	[botpy] 程序启动...
2025-02-24 18:34:11,883	[INFO]	(connection.py:60)multi_run	[botpy] 最大并发连接数: 1, 启动会话数: 1
2025-02-24 18:34:11,883	[INFO]	(client.py:242)bot_connect	[botpy] 会话启动中...
2025-02-24 18:34:11,883	[INFO]	(gateway.py:115)ws_connect	[botpy] 启动中...
2025-02-24 18:34:12,009	[INFO]	(gateway.py:142)ws_identify	[botpy] 鉴权中...
2025-02-24 18:34:12,101	[INFO]	(gateway.py:85)on_message	[botpy] 机器人「电费通知可爱妹妹-测试中」启动成功！
2025-02-24 18:34:12,101	[INFO]	(gateway.py:223)_send_heart	[botpy] 心跳维持启动...
2025-02-24 18:34:12,101	[INFO]	(Elect_bot.py:46)on_ready	机器人「电费通知可爱妹妹-测试中」已上线！
2025-02-24 18:35:44,987	[INFO]	(client.py:162)_bot_login	[botpy] 登录机器人账号中...
2025-02-24 18:35:45,134	[INFO]	(robot.py:65)update_access_token	[botpy] access_token expires_in 4016
2025-02-24 18:35:45,625	[INFO]	(client.py:181)_bot_init	[botpy] 程序启动...
2025-02-24 18:35:45,627	[INFO]	(connection.py:60)multi_run	[botpy] 最大并发连接数: 1, 启动会话数: 1
2025-02-24 18:35:45,627	[INFO]	(client.py:242)bot_connect	[botpy] 会话启动中...
2025-02-24 18:35:45,627	[INFO]	(gateway.py:115)ws_connect	[botpy] 启动中...
2025-02-24 18:35:45,792	[INFO]	(gateway.py:142)ws_identify	[botpy] 鉴权中...
2025-02-24 18:35:45,872	[INFO]	(gateway.py:85)on_message	[botpy] 机器人「电费通知可爱妹妹-测试中」启动成功！
2025-02-24 18:35:45,872	[INFO]	(gateway.py:223)_send_heart	[botpy] 心跳维持启动...
2025-02-24 18:35:45,872	[INFO]	(Elect_bot.py:46)on_ready	机器人「电费通知可爱妹妹-测试中」已上线！
2025-02-24 18:38:35,667	[ERROR]	(http.py:76)_handle_response	[botpy] 接口请求异常，请求连接: https://api.sgroup.qq.com/v2/users/2EBBD10FC3F875DC7CA9CF9CA3686706/messages, 错误代码: 400, 返回内容: {'message': '主动消息超过频率限制', 'code': 40073001, 'err_code': 40073001, 'trace_id': 'e47c5cb5d12700e2c2e063b67ac293eb'}, trace_id:e47c5cb5d12700e2c2e063b67ac293eb
2025-02-24 18:38:35,924	[ERROR]	(http.py:76)_handle_response	[botpy] 接口请求异常，请求连接: https://api.sgroup.qq.com/v2/users/2EBBD10FC3F875DC7CA9CF9CA3686706/messages, 错误代码: 400, 返回内容: {'message': '主动消息超过频率限制', 'code': 40073001, 'err_code': 40073001, 'trace_id': 'db98677e0148f3417f020a83d53e83ad'}, trace_id:db98677e0148f3417f020a83d53e83ad
2025-02-24 18:38:48,452	[INFO]	(client.py:162)_bot_login	[botpy] 登录机器人账号中...
2025-02-24 18:38:48,575	[INFO]	(robot.py:65)update_access_token	[botpy] access_token expires_in 3832
2025-02-24 18:38:48,985	[INFO]	(client.py:181)_bot_init	[botpy] 程序启动...
2025-02-24 18:38:48,985	[INFO]	(connection.py:60)multi_run	[botpy] 最大并发连接数: 1, 启动会话数: 1
2025-02-24 18:38:48,985	[INFO]	(client.py:242)bot_connect	[botpy] 会话启动中...
2025-02-24 18:38:48,985	[INFO]	(gateway.py:115)ws_connect	[botpy] 启动中...
2025-02-24 18:38:49,119	[INFO]	(gateway.py:142)ws_identify	[botpy] 鉴权中...
2025-02-24 18:38:49,197	[INFO]	(gateway.py:85)on_message	[botpy] 机器人「电费通知可爱妹妹-测试中」启动成功！
2025-02-24 18:38:49,197	[INFO]	(gateway.py:223)_send_heart	[botpy] 心跳维持启动...
2025-02-24 18:38:49,198	[INFO]	(Elect_bot.py:46)on_ready	机器人「电费通知可爱妹妹-测试中」已上线！
2025-02-24 18:38:54,524	[ERROR]	(http.py:76)_handle_response	[botpy] 接口请求异常，请求连接: https://api.sgroup.qq.com/v2/users/2EBBD10FC3F875DC7CA9CF9CA3686706/messages, 错误代码: 400, 返回内容: {'message': '主动消息超过频率限制', 'code': 40073001, 'err_code': 40073001, 'trace_id': '7ed7159621b3ce1842e217bd06cd68e1'}, trace_id:7ed7159621b3ce1842e217bd06cd68e1
2025-02-24 18:38:54,758	[ERROR]	(http.py:76)_handle_response	[botpy] 接口请求异常，请求连接: https://api.sgroup.qq.com/v2/users/2EBBD10FC3F875DC7CA9CF9CA3686706/messages, 错误代码: 400, 返回内容: {'message': '主动消息超过频率限制', 'code': 40073001, 'err_code': 40073001, 'trace_id': '0624420344600362c981745a926e3cff'}, trace_id:0624420344600362c981745a926e3cff
2025-02-24 18:46:27,183	[INFO]	(client.py:162)_bot_login	[botpy] 登录机器人账号中...
2025-02-24 18:46:27,309	[INFO]	(robot.py:65)update_access_token	[botpy] access_token expires_in 3374
2025-02-24 18:46:27,738	[INFO]	(client.py:181)_bot_init	[botpy] 程序启动...
2025-02-24 18:46:27,738	[INFO]	(connection.py:60)multi_run	[botpy] 最大并发连接数: 1, 启动会话数: 1
2025-02-24 18:46:27,738	[INFO]	(client.py:242)bot_connect	[botpy] 会话启动中...
2025-02-24 18:46:27,738	[INFO]	(gateway.py:115)ws_connect	[botpy] 启动中...
2025-02-24 18:46:27,876	[INFO]	(gateway.py:142)ws_identify	[botpy] 鉴权中...
2025-02-24 18:46:27,974	[INFO]	(gateway.py:85)on_message	[botpy] 机器人「电费通知可爱妹妹-测试中」启动成功！
2025-02-24 18:46:27,974	[INFO]	(gateway.py:223)_send_heart	[botpy] 心跳维持启动...
2025-02-24 18:46:27,974	[INFO]	(Elect_bot.py:46)on_ready	机器人「电费通知可爱妹妹-测试中」已上线！
2025-02-24 18:46:33,789	[ERROR]	(http.py:76)_handle_response	[botpy] 接口请求异常，请求连接: https://api.sgroup.qq.com/v2/users/2EBBD10FC3F875DC7CA9CF9CA3686706/messages, 错误代码: 400, 返回内容: {'message': '主动消息超过频率限制', 'code': 40073001, 'err_code': 40073001, 'trace_id': 'dd7cc3a4045ccc75dba7c2323a76a4bc'}, trace_id:dd7cc3a4045ccc75dba7c2323a76a4bc
2025-02-24 18:50:02,003	[INFO]	(client.py:162)_bot_login	[botpy] 登录机器人账号中...
2025-02-24 18:50:02,145	[INFO]	(robot.py:65)update_access_token	[botpy] access_token expires_in 3159
2025-02-24 18:50:02,611	[INFO]	(client.py:181)_bot_init	[botpy] 程序启动...
2025-02-24 18:50:02,613	[INFO]	(connection.py:60)multi_run	[botpy] 最大并发连接数: 1, 启动会话数: 1
2025-02-24 18:50:02,613	[INFO]	(client.py:242)bot_connect	[botpy] 会话启动中...
2025-02-24 18:50:02,613	[INFO]	(gateway.py:115)ws_connect	[botpy] 启动中...
2025-02-24 18:50:02,744	[INFO]	(gateway.py:142)ws_identify	[botpy] 鉴权中...
2025-02-24 18:50:02,852	[INFO]	(gateway.py:85)on_message	[botpy] 机器人「电费通知可爱妹妹-测试中」启动成功！
2025-02-24 18:50:02,852	[INFO]	(gateway.py:223)_send_heart	[botpy] 心跳维持启动...
2025-02-24 18:50:02,852	[INFO]	(Elect_bot.py:46)on_ready	机器人「电费通知可爱妹妹-测试中」已上线！
2025-02-24 18:50:11,181	[ERROR]	(http.py:76)_handle_response	[botpy] 接口请求异常，请求连接: https://api.sgroup.qq.com/v2/users/2EBBD10FC3F875DC7CA9CF9CA3686706/messages, 错误代码: 400, 返回内容: {'message': '主动消息超过频率限制', 'code': 40073001, 'err_code': 40073001, 'trace_id': '27ac877783d60124915f1f1bc6fec73b'}, trace_id:27ac877783d60124915f1f1bc6fec73b
2025-02-24 18:53:03,746	[INFO]	(client.py:162)_bot_login	[botpy] 登录机器人账号中...
2025-02-24 18:53:03,894	[INFO]	(robot.py:65)update_access_token	[botpy] access_token expires_in 2977
2025-02-24 18:53:04,365	[INFO]	(client.py:181)_bot_init	[botpy] 程序启动...
2025-02-24 18:53:04,366	[INFO]	(connection.py:60)multi_run	[botpy] 最大并发连接数: 1, 启动会话数: 1
2025-02-24 18:53:04,366	[INFO]	(client.py:242)bot_connect	[botpy] 会话启动中...
2025-02-24 18:53:04,366	[INFO]	(gateway.py:115)ws_connect	[botpy] 启动中...
2025-02-24 18:53:04,511	[INFO]	(gateway.py:142)ws_identify	[botpy] 鉴权中...
2025-02-24 18:53:04,589	[INFO]	(gateway.py:85)on_message	[botpy] 机器人「电费通知可爱妹妹-测试中」启动成功！
2025-02-24 18:53:04,590	[INFO]	(gateway.py:223)_send_heart	[botpy] 心跳维持启动...
2025-02-24 18:53:04,590	[INFO]	(Elect_bot.py:46)on_ready	机器人「电费通知可爱妹妹-测试中」已上线！
2025-02-24 18:53:14,430	[ERROR]	(http.py:76)_handle_response	[botpy] 接口请求异常，请求连接: https://api.sgroup.qq.com/v2/users/2EBBD10FC3F875DC7CA9CF9CA3686706/messages, 错误代码: 400, 返回内容: {'message': '主动消息超过频率限制', 'code': 40073001, 'err_code': 40073001, 'trace_id': '4f17a7726fe659981b49cae99834e177'}, trace_id:4f17a7726fe659981b49cae99834e177
2025-02-24 18:55:49,988	[INFO]	(client.py:162)_bot_login	[botpy] 登录机器人账号中...
2025-02-24 18:55:50,124	[INFO]	(robot.py:65)update_access_token	[botpy] access_token expires_in 2811
2025-02-24 18:55:50,585	[INFO]	(client.py:181)_bot_init	[botpy] 程序启动...
2025-02-24 18:55:50,585	[INFO]	(connection.py:60)multi_run	[botpy] 最大并发连接数: 1, 启动会话数: 1
2025-02-24 18:55:50,585	[INFO]	(client.py:242)bot_connect	[botpy] 会话启动中...
2025-02-24 18:55:50,585	[INFO]	(gateway.py:115)ws_connect	[botpy] 启动中...
2025-02-24 18:55:50,718	[INFO]	(gateway.py:142)ws_identify	[botpy] 鉴权中...
2025-02-24 18:55:50,794	[INFO]	(gateway.py:85)on_message	[botpy] 机器人「电费通知可爱妹妹-测试中」启动成功！
2025-02-24 18:55:50,795	[INFO]	(gateway.py:223)_send_heart	[botpy] 心跳维持启动...
2025-02-24 18:55:50,795	[INFO]	(Elect_bot.py:46)on_ready	机器人「电费通知可爱妹妹-测试中」已上线！
2025-02-24 19:29:17,067	[INFO]	(client.py:162)_bot_login	[botpy] 登录机器人账号中...
2025-02-24 19:29:17,197	[INFO]	(robot.py:65)update_access_token	[botpy] access_token expires_in 804
2025-02-24 19:29:18,676	[INFO]	(client.py:181)_bot_init	[botpy] 程序启动...
2025-02-24 19:29:18,676	[INFO]	(connection.py:60)multi_run	[botpy] 最大并发连接数: 1, 启动会话数: 1
2025-02-24 19:29:18,677	[INFO]	(client.py:242)bot_connect	[botpy] 会话启动中...
2025-02-24 19:29:18,677	[INFO]	(gateway.py:115)ws_connect	[botpy] 启动中...
2025-02-24 19:29:18,851	[INFO]	(gateway.py:142)ws_identify	[botpy] 鉴权中...
2025-02-24 19:29:18,958	[INFO]	(gateway.py:85)on_message	[botpy] 机器人「电费通知可爱妹妹-测试中」启动成功！
2025-02-24 19:29:18,958	[INFO]	(gateway.py:223)_send_heart	[botpy] 心跳维持启动...
2025-02-24 19:29:18,958	[INFO]	(Elect_bot.py:51)on_ready	机器人「电费通知可爱妹妹-测试中」已上线！
2025-02-24 19:29:43,568	[ERROR]	(http.py:76)_handle_response	[botpy] 接口请求异常，请求连接: https://api.sgroup.qq.com/v2/users/2EBBD10FC3F875DC7CA9CF9CA3686706/messages, 错误代码: 400, 返回内容: {'message': '主动消息超过频率限制', 'code': 40073001, 'err_code': 40073001, 'trace_id': 'ccdca195480f2330654de2de39e1d21d'}, trace_id:ccdca195480f2330654de2de39e1d21d
2025-02-24 19:29:43,569	[ERROR]	(Elect_bot.py:78)handle_query	查询失败: 主动消息超过频率限制
2025-02-24 19:29:43,804	[ERROR]	(http.py:76)_handle_response	[botpy] 接口请求异常，请求连接: https://api.sgroup.qq.com/v2/users/2EBBD10FC3F875DC7CA9CF9CA3686706/messages, 错误代码: 400, 返回内容: {'message': '主动消息超过频率限制', 'code': 40073001, 'err_code': 40073001, 'trace_id': '32b94846d19d2cc2f56344835894fd7e'}, trace_id:32b94846d19d2cc2f56344835894fd7e
2025-02-24 19:30:36,620	[INFO]	(client.py:162)_bot_login	[botpy] 登录机器人账号中...
2025-02-24 19:30:36,759	[INFO]	(robot.py:65)update_access_token	[botpy] access_token expires_in 724
2025-02-24 19:30:37,218	[INFO]	(client.py:181)_bot_init	[botpy] 程序启动...
2025-02-24 19:30:37,218	[INFO]	(connection.py:60)multi_run	[botpy] 最大并发连接数: 1, 启动会话数: 1
2025-02-24 19:30:37,219	[INFO]	(client.py:242)bot_connect	[botpy] 会话启动中...
2025-02-24 19:30:37,219	[INFO]	(gateway.py:115)ws_connect	[botpy] 启动中...
2025-02-24 19:30:37,340	[INFO]	(gateway.py:142)ws_identify	[botpy] 鉴权中...
2025-02-24 19:30:37,443	[INFO]	(gateway.py:85)on_message	[botpy] 机器人「电费通知可爱妹妹-测试中」启动成功！
2025-02-24 19:30:37,443	[INFO]	(gateway.py:223)_send_heart	[botpy] 心跳维持启动...
2025-02-24 19:30:37,444	[INFO]	(Elect_bot.py:51)on_ready	机器人「电费通知可爱妹妹-测试中」已上线！
2025-02-24 19:30:45,602	[ERROR]	(http.py:76)_handle_response	[botpy] 接口请求异常，请求连接: https://api.sgroup.qq.com/v2/users/2EBBD10FC3F875DC7CA9CF9CA3686706/messages, 错误代码: 400, 返回内容: {'message': '主动消息超过频率限制', 'code': 40073001, 'err_code': 40073001, 'trace_id': '6731315314ce938b9cc68bbce7534f24'}, trace_id:6731315314ce938b9cc68bbce7534f24
2025-02-24 19:30:45,602	[ERROR]	(Elect_bot.py:78)handle_query	查询失败: 主动消息超过频率限制
2025-02-24 19:30:45,853	[ERROR]	(http.py:76)_handle_response	[botpy] 接口请求异常，请求连接: https://api.sgroup.qq.com/v2/users/2EBBD10FC3F875DC7CA9CF9CA3686706/messages, 错误代码: 400, 返回内容: {'message': '主动消息超过频率限制', 'code': 40073001, 'err_code': 40073001, 'trace_id': 'feadb17f28f2b816ee2b69d53fc75868'}, trace_id:feadb17f28f2b816ee2b69d53fc75868
2025-02-24 19:31:46,544	[INFO]	(client.py:162)_bot_login	[botpy] 登录机器人账号中...
2025-02-24 19:31:46,692	[INFO]	(robot.py:65)update_access_token	[botpy] access_token expires_in 654
2025-02-24 19:31:47,108	[INFO]	(client.py:181)_bot_init	[botpy] 程序启动...
2025-02-24 19:31:47,108	[INFO]	(connection.py:60)multi_run	[botpy] 最大并发连接数: 1, 启动会话数: 1
2025-02-24 19:31:47,108	[INFO]	(client.py:242)bot_connect	[botpy] 会话启动中...
2025-02-24 19:31:47,108	[INFO]	(gateway.py:115)ws_connect	[botpy] 启动中...
2025-02-24 19:31:48,231	[INFO]	(gateway.py:142)ws_identify	[botpy] 鉴权中...
2025-02-24 19:31:48,303	[INFO]	(gateway.py:85)on_message	[botpy] 机器人「电费通知可爱妹妹-测试中」启动成功！
2025-02-24 19:31:48,303	[INFO]	(gateway.py:223)_send_heart	[botpy] 心跳维持启动...
2025-02-24 19:31:48,304	[INFO]	(Elect_bot.py:52)on_ready	机器人「电费通知可爱妹妹-测试中」已上线！
2025-02-24 19:31:52,431	[ERROR]	(http.py:76)_handle_response	[botpy] 接口请求异常，请求连接: https://api.sgroup.qq.com/v2/users/2EBBD10FC3F875DC7CA9CF9CA3686706/messages, 错误代码: 400, 返回内容: {'message': '主动消息超过频率限制', 'code': 40073001, 'err_code': 40073001, 'trace_id': 'c8c3f5603334aa6592e45b34c76dbd50'}, trace_id:c8c3f5603334aa6592e45b34c76dbd50
2025-02-24 19:31:52,431	[ERROR]	(Elect_bot.py:79)handle_query	查询失败: 主动消息超过频率限制
2025-02-24 19:31:52,722	[ERROR]	(http.py:76)_handle_response	[botpy] 接口请求异常，请求连接: https://api.sgroup.qq.com/v2/users/2EBBD10FC3F875DC7CA9CF9CA3686706/messages, 错误代码: 400, 返回内容: {'message': '主动消息超过频率限制', 'code': 40073001, 'err_code': 40073001, 'trace_id': '0f7fdc8dd2d60023620890e540d44e54'}, trace_id:0f7fdc8dd2d60023620890e540d44e54
2025-02-24 19:33:34,183	[INFO]	(client.py:162)_bot_login	[botpy] 登录机器人账号中...
2025-02-24 19:33:34,317	[INFO]	(robot.py:65)update_access_token	[botpy] access_token expires_in 547
2025-02-24 19:33:34,768	[INFO]	(client.py:181)_bot_init	[botpy] 程序启动...
2025-02-24 19:33:34,768	[INFO]	(connection.py:60)multi_run	[botpy] 最大并发连接数: 1, 启动会话数: 1
2025-02-24 19:33:34,769	[INFO]	(client.py:242)bot_connect	[botpy] 会话启动中...
2025-02-24 19:33:34,769	[INFO]	(gateway.py:115)ws_connect	[botpy] 启动中...
2025-02-24 19:33:34,879	[INFO]	(gateway.py:142)ws_identify	[botpy] 鉴权中...
2025-02-24 19:33:34,944	[INFO]	(gateway.py:85)on_message	[botpy] 机器人「电费通知可爱妹妹-测试中」启动成功！
2025-02-24 19:33:34,945	[INFO]	(gateway.py:223)_send_heart	[botpy] 心跳维持启动...
2025-02-24 19:33:34,945	[INFO]	(Elect_bot.py:52)on_ready	机器人「电费通知可爱妹妹-测试中」已上线！
2025-02-24 19:34:42,416	[INFO]	(client.py:162)_bot_login	[botpy] 登录机器人账号中...
2025-02-24 19:34:42,550	[INFO]	(robot.py:65)update_access_token	[botpy] access_token expires_in 479
2025-02-24 19:34:42,998	[INFO]	(client.py:181)_bot_init	[botpy] 程序启动...
2025-02-24 19:34:42,998	[INFO]	(connection.py:60)multi_run	[botpy] 最大并发连接数: 1, 启动会话数: 1
2025-02-24 19:34:42,998	[INFO]	(client.py:242)bot_connect	[botpy] 会话启动中...
2025-02-24 19:34:42,998	[INFO]	(gateway.py:115)ws_connect	[botpy] 启动中...
2025-02-24 19:34:43,127	[INFO]	(gateway.py:142)ws_identify	[botpy] 鉴权中...
2025-02-24 19:34:43,203	[INFO]	(gateway.py:85)on_message	[botpy] 机器人「电费通知可爱妹妹-测试中」启动成功！
2025-02-24 19:34:43,203	[INFO]	(gateway.py:223)_send_heart	[botpy] 心跳维持启动...
2025-02-24 19:34:43,203	[INFO]	(Elect_bot.py:52)on_ready	机器人「电费通知可爱妹妹-测试中」已上线！
2025-02-24 19:48:55,930	[INFO]	(client.py:162)_bot_login	[botpy] 登录机器人账号中...
2025-02-24 19:48:56,065	[ERROR]	(robot.py:63)update_access_token	[botpy] 获取token失败，请检查appid和secret填写是否正确！
2025-02-24 19:49:41,655	[INFO]	(client.py:162)_bot_login	[botpy] 登录机器人账号中...
2025-02-24 19:49:41,773	[INFO]	(robot.py:65)update_access_token	[botpy] access_token expires_in 7123
2025-02-24 19:49:42,242	[INFO]	(client.py:181)_bot_init	[botpy] 程序启动...
2025-02-24 19:49:42,243	[INFO]	(connection.py:60)multi_run	[botpy] 最大并发连接数: 1, 启动会话数: 1
2025-02-24 19:49:42,243	[INFO]	(client.py:242)bot_connect	[botpy] 会话启动中...
2025-02-24 19:49:42,243	[INFO]	(gateway.py:115)ws_connect	[botpy] 启动中...
2025-02-24 19:49:42,374	[INFO]	(gateway.py:142)ws_identify	[botpy] 鉴权中...
2025-02-24 19:49:42,474	[INFO]	(gateway.py:85)on_message	[botpy] 机器人「电费通知可爱妹妹-测试中」启动成功！
2025-02-24 19:49:42,474	[INFO]	(gateway.py:223)_send_heart	[botpy] 心跳维持启动...
2025-02-24 19:51:04,306	[INFO]	(client.py:162)_bot_login	[botpy] 登录机器人账号中...
2025-02-24 19:51:04,436	[INFO]	(robot.py:65)update_access_token	[botpy] access_token expires_in 7040
2025-02-24 19:51:04,883	[INFO]	(client.py:181)_bot_init	[botpy] 程序启动...
2025-02-24 19:51:04,883	[INFO]	(connection.py:60)multi_run	[botpy] 最大并发连接数: 1, 启动会话数: 1
2025-02-24 19:51:04,883	[INFO]	(client.py:242)bot_connect	[botpy] 会话启动中...
2025-02-24 19:51:04,883	[INFO]	(gateway.py:115)ws_connect	[botpy] 启动中...
2025-02-24 19:51:05,003	[INFO]	(gateway.py:142)ws_identify	[botpy] 鉴权中...
2025-02-24 19:51:05,111	[INFO]	(gateway.py:85)on_message	[botpy] 机器人「电费通知可爱妹妹-测试中」启动成功！
2025-02-24 19:51:05,111	[INFO]	(gateway.py:223)_send_heart	[botpy] 心跳维持启动...
2025-02-24 19:51:05,111	[INFO]	(Elect_bot.py:51)on_ready	机器人「电费通知可爱妹妹-测试中」已上线！
2025-02-24 19:54:37,212	[INFO]	(client.py:162)_bot_login	[botpy] 登录机器人账号中...
2025-02-24 19:54:37,337	[INFO]	(robot.py:65)update_access_token	[botpy] access_token expires_in 6827
2025-02-24 19:54:37,792	[INFO]	(client.py:181)_bot_init	[botpy] 程序启动...
2025-02-24 19:54:37,792	[INFO]	(connection.py:60)multi_run	[botpy] 最大并发连接数: 1, 启动会话数: 1
2025-02-24 19:54:37,793	[INFO]	(client.py:242)bot_connect	[botpy] 会话启动中...
2025-02-24 19:54:37,793	[INFO]	(gateway.py:115)ws_connect	[botpy] 启动中...
2025-02-24 19:54:37,921	[INFO]	(gateway.py:142)ws_identify	[botpy] 鉴权中...
2025-02-24 19:54:37,996	[INFO]	(gateway.py:85)on_message	[botpy] 机器人「电费通知可爱妹妹-测试中」启动成功！
2025-02-24 19:54:37,996	[INFO]	(gateway.py:223)_send_heart	[botpy] 心跳维持启动...
2025-02-24 19:54:37,996	[INFO]	(Elect_bot.py:51)on_ready	机器人「电费通知可爱妹妹-测试中」已上线！
2025-02-24 19:57:49,812	[INFO]	(client.py:162)_bot_login	[botpy] 登录机器人账号中...
2025-02-24 19:57:49,960	[INFO]	(robot.py:65)update_access_token	[botpy] access_token expires_in 6635
2025-02-24 19:57:50,459	[INFO]	(client.py:181)_bot_init	[botpy] 程序启动...
2025-02-24 19:57:50,460	[INFO]	(connection.py:60)multi_run	[botpy] 最大并发连接数: 1, 启动会话数: 1
2025-02-24 19:57:50,460	[INFO]	(client.py:242)bot_connect	[botpy] 会话启动中...
2025-02-24 19:57:50,460	[INFO]	(gateway.py:115)ws_connect	[botpy] 启动中...
2025-02-24 19:57:50,580	[INFO]	(gateway.py:142)ws_identify	[botpy] 鉴权中...
2025-02-24 19:57:50,654	[INFO]	(gateway.py:85)on_message	[botpy] 机器人「电费通知可爱妹妹-测试中」启动成功！
2025-02-24 19:57:50,654	[INFO]	(gateway.py:223)_send_heart	[botpy] 心跳维持启动...
2025-02-24 19:57:50,654	[INFO]	(Elect_bot.py:51)on_ready	机器人「电费通知可爱妹妹-测试中」已上线！
2025-02-24 20:02:03,268	[INFO]	(client.py:162)_bot_login	[botpy] 登录机器人账号中...
2025-02-24 20:02:03,409	[INFO]	(robot.py:65)update_access_token	[botpy] access_token expires_in 6381
2025-02-24 20:02:03,865	[INFO]	(client.py:181)_bot_init	[botpy] 程序启动...
2025-02-24 20:02:03,865	[INFO]	(connection.py:60)multi_run	[botpy] 最大并发连接数: 1, 启动会话数: 1
2025-02-24 20:02:03,866	[INFO]	(client.py:242)bot_connect	[botpy] 会话启动中...
2025-02-24 20:02:03,866	[INFO]	(gateway.py:115)ws_connect	[botpy] 启动中...
2025-02-24 20:02:03,989	[INFO]	(gateway.py:142)ws_identify	[botpy] 鉴权中...
2025-02-24 20:02:04,088	[INFO]	(gateway.py:85)on_message	[botpy] 机器人「电费通知可爱妹妹-测试中」启动成功！
2025-02-24 20:02:04,089	[INFO]	(gateway.py:223)_send_heart	[botpy] 心跳维持启动...
2025-02-24 20:02:04,089	[INFO]	(Elect_bot.py:51)on_ready	机器人「电费通知可爱妹妹-测试中」已上线！
2025-02-24 20:02:16,577	[INFO]	(client.py:162)_bot_login	[botpy] 登录机器人账号中...
2025-02-24 20:02:16,733	[INFO]	(robot.py:65)update_access_token	[botpy] access_token expires_in 6368
2025-02-24 20:02:17,131	[INFO]	(client.py:181)_bot_init	[botpy] 程序启动...
2025-02-24 20:02:17,131	[INFO]	(connection.py:60)multi_run	[botpy] 最大并发连接数: 1, 启动会话数: 1
2025-02-24 20:02:17,131	[INFO]	(client.py:242)bot_connect	[botpy] 会话启动中...
2025-02-24 20:02:17,131	[INFO]	(gateway.py:115)ws_connect	[botpy] 启动中...
2025-02-24 20:02:17,254	[INFO]	(gateway.py:142)ws_identify	[botpy] 鉴权中...
2025-02-24 20:02:17,355	[INFO]	(gateway.py:85)on_message	[botpy] 机器人「电费通知可爱妹妹-测试中」启动成功！
2025-02-24 20:02:17,355	[INFO]	(gateway.py:223)_send_heart	[botpy] 心跳维持启动...
2025-02-24 20:02:17,355	[INFO]	(Elect_bot.py:51)on_ready	机器人「电费通知可爱妹妹-测试中」已上线！
2025-02-24 20:02:46,077	[INFO]	(client.py:162)_bot_login	[botpy] 登录机器人账号中...
2025-02-24 20:02:46,202	[INFO]	(robot.py:65)update_access_token	[botpy] access_token expires_in 6338
2025-02-24 20:02:46,645	[INFO]	(client.py:181)_bot_init	[botpy] 程序启动...
2025-02-24 20:02:46,646	[INFO]	(connection.py:60)multi_run	[botpy] 最大并发连接数: 1, 启动会话数: 1
2025-02-24 20:02:46,646	[INFO]	(client.py:242)bot_connect	[botpy] 会话启动中...
2025-02-24 20:02:46,646	[INFO]	(gateway.py:115)ws_connect	[botpy] 启动中...
2025-02-24 20:02:46,773	[INFO]	(gateway.py:142)ws_identify	[botpy] 鉴权中...
2025-02-24 20:02:46,852	[INFO]	(gateway.py:85)on_message	[botpy] 机器人「电费通知可爱妹妹-测试中」启动成功！
2025-02-24 20:02:46,852	[INFO]	(gateway.py:223)_send_heart	[botpy] 心跳维持启动...
2025-02-24 20:02:46,852	[INFO]	(Elect_bot.py:51)on_ready	机器人「电费通知可爱妹妹-测试中」已上线！
2025-02-24 20:05:04,054	[INFO]	(client.py:162)_bot_login	[botpy] 登录机器人账号中...
2025-02-24 20:05:04,219	[INFO]	(robot.py:65)update_access_token	[botpy] access_token expires_in 6200
2025-02-24 20:05:04,671	[INFO]	(client.py:181)_bot_init	[botpy] 程序启动...
2025-02-24 20:05:04,671	[INFO]	(connection.py:60)multi_run	[botpy] 最大并发连接数: 1, 启动会话数: 1
2025-02-24 20:05:04,671	[INFO]	(client.py:242)bot_connect	[botpy] 会话启动中...
2025-02-24 20:05:04,672	[INFO]	(gateway.py:115)ws_connect	[botpy] 启动中...
2025-02-24 20:05:04,788	[INFO]	(gateway.py:142)ws_identify	[botpy] 鉴权中...
2025-02-24 20:05:04,872	[INFO]	(gateway.py:85)on_message	[botpy] 机器人「电费通知可爱妹妹-测试中」启动成功！
2025-02-24 20:05:04,872	[INFO]	(gateway.py:223)_send_heart	[botpy] 心跳维持启动...
2025-02-24 20:05:04,872	[INFO]	(Elect_bot.py:51)on_ready	机器人「电费通知可爱妹妹-测试中」已上线！
2025-02-24 20:09:30,187	[INFO]	(client.py:162)_bot_login	[botpy] 登录机器人账号中...
2025-02-24 20:09:30,340	[INFO]	(robot.py:65)update_access_token	[botpy] access_token expires_in 5934
2025-02-24 20:09:30,963	[INFO]	(client.py:181)_bot_init	[botpy] 程序启动...
2025-02-24 20:09:30,963	[INFO]	(connection.py:60)multi_run	[botpy] 最大并发连接数: 1, 启动会话数: 1
2025-02-24 20:09:30,963	[INFO]	(client.py:242)bot_connect	[botpy] 会话启动中...
2025-02-24 20:09:30,965	[INFO]	(gateway.py:115)ws_connect	[botpy] 启动中...
2025-02-24 20:09:31,168	[INFO]	(gateway.py:142)ws_identify	[botpy] 鉴权中...
2025-02-24 20:09:31,272	[INFO]	(gateway.py:85)on_message	[botpy] 机器人「电费通知可爱妹妹-测试中」启动成功！
2025-02-24 20:09:31,272	[INFO]	(gateway.py:223)_send_heart	[botpy] 心跳维持启动...
2025-02-24 20:09:31,272	[INFO]	(Elect_bot.py:51)on_ready	机器人「电费通知可爱妹妹-测试中」已上线！
2025-02-24 20:09:53,420	[INFO]	(client.py:162)_bot_login	[botpy] 登录机器人账号中...
2025-02-24 20:09:53,571	[INFO]	(robot.py:65)update_access_token	[botpy] access_token expires_in 5911
2025-02-24 20:09:59,204	[WARNING]	(http.py:192)request	请求超时，请求连接: https://api.sgroup.qq.com/gateway/bot
2025-02-24 20:10:28,422	[INFO]	(client.py:162)_bot_login	[botpy] 登录机器人账号中...
2025-02-24 20:10:28,618	[INFO]	(robot.py:65)update_access_token	[botpy] access_token expires_in 5876
2025-02-24 20:10:29,274	[INFO]	(client.py:181)_bot_init	[botpy] 程序启动...
2025-02-24 20:10:29,274	[INFO]	(connection.py:60)multi_run	[botpy] 最大并发连接数: 1, 启动会话数: 1
2025-02-24 20:10:29,274	[INFO]	(client.py:242)bot_connect	[botpy] 会话启动中...
2025-02-24 20:10:29,274	[INFO]	(gateway.py:115)ws_connect	[botpy] 启动中...
2025-02-24 20:10:29,534	[INFO]	(gateway.py:142)ws_identify	[botpy] 鉴权中...
2025-02-24 20:10:29,642	[INFO]	(gateway.py:85)on_message	[botpy] 机器人「电费通知可爱妹妹-测试中」启动成功！
2025-02-24 20:10:29,642	[INFO]	(gateway.py:223)_send_heart	[botpy] 心跳维持启动...
2025-02-24 20:10:29,643	[INFO]	(Elect_bot.py:51)on_ready	机器人「电费通知可爱妹妹-测试中」已上线！
2025-02-24 20:22:04,100	[INFO]	(client.py:162)_bot_login	[botpy] 登录机器人账号中...
2025-02-24 20:22:04,230	[INFO]	(robot.py:65)update_access_token	[botpy] access_token expires_in 5180
2025-02-24 20:22:04,901	[INFO]	(client.py:181)_bot_init	[botpy] 程序启动...
2025-02-24 20:22:04,901	[INFO]	(connection.py:60)multi_run	[botpy] 最大并发连接数: 1, 启动会话数: 1
2025-02-24 20:22:04,901	[INFO]	(client.py:242)bot_connect	[botpy] 会话启动中...
2025-02-24 20:22:04,901	[INFO]	(gateway.py:115)ws_connect	[botpy] 启动中...
2025-02-24 20:22:05,123	[INFO]	(gateway.py:142)ws_identify	[botpy] 鉴权中...
2025-02-24 20:22:05,250	[INFO]	(gateway.py:85)on_message	[botpy] 机器人「电费通知可爱妹妹-测试中」启动成功！
2025-02-24 20:22:05,250	[INFO]	(gateway.py:223)_send_heart	[botpy] 心跳维持启动...
2025-02-24 20:22:05,250	[INFO]	(Elect_bot.py:52)on_ready	机器人「电费通知可爱妹妹-测试中」已上线！
2025-02-24 20:23:39,670	[INFO]	(client.py:162)_bot_login	[botpy] 登录机器人账号中...
2025-02-24 20:23:39,819	[INFO]	(robot.py:65)update_access_token	[botpy] access_token expires_in 5085
2025-02-24 20:23:40,284	[INFO]	(client.py:181)_bot_init	[botpy] 程序启动...
2025-02-24 20:23:40,284	[INFO]	(connection.py:60)multi_run	[botpy] 最大并发连接数: 1, 启动会话数: 1
2025-02-24 20:23:40,285	[INFO]	(client.py:242)bot_connect	[botpy] 会话启动中...
2025-02-24 20:23:40,285	[INFO]	(gateway.py:115)ws_connect	[botpy] 启动中...
2025-02-24 20:23:40,408	[INFO]	(gateway.py:142)ws_identify	[botpy] 鉴权中...
2025-02-24 20:23:40,490	[INFO]	(gateway.py:85)on_message	[botpy] 机器人「电费通知可爱妹妹-测试中」启动成功！
2025-02-24 20:23:40,490	[INFO]	(gateway.py:223)_send_heart	[botpy] 心跳维持启动...
2025-02-24 20:23:40,490	[INFO]	(Elect_bot.py:52)on_ready	机器人「电费通知可爱妹妹-测试中」已上线！
2025-02-24 20:25:53,879	[INFO]	(client.py:162)_bot_login	[botpy] 登录机器人账号中...
2025-02-24 20:25:54,025	[INFO]	(robot.py:65)update_access_token	[botpy] access_token expires_in 4951
2025-02-24 20:25:54,471	[INFO]	(client.py:181)_bot_init	[botpy] 程序启动...
2025-02-24 20:25:54,472	[INFO]	(connection.py:60)multi_run	[botpy] 最大并发连接数: 1, 启动会话数: 1
2025-02-24 20:25:54,472	[INFO]	(client.py:242)bot_connect	[botpy] 会话启动中...
2025-02-24 20:25:54,472	[INFO]	(gateway.py:115)ws_connect	[botpy] 启动中...
2025-02-24 20:25:54,606	[INFO]	(gateway.py:142)ws_identify	[botpy] 鉴权中...
2025-02-24 20:25:54,685	[INFO]	(gateway.py:85)on_message	[botpy] 机器人「电费通知可爱妹妹-测试中」启动成功！
2025-02-24 20:25:54,685	[INFO]	(gateway.py:223)_send_heart	[botpy] 心跳维持启动...
2025-02-24 20:25:54,685	[INFO]	(demo_at_reply.py:17)on_ready	robot 「电费通知可爱妹妹-测试中」 on_ready!
2025-02-24 20:27:29,449	[INFO]	(client.py:162)_bot_login	[botpy] 登录机器人账号中...
2025-02-24 20:27:29,599	[INFO]	(robot.py:65)update_access_token	[botpy] access_token expires_in 4855
2025-02-24 20:27:30,020	[INFO]	(client.py:181)_bot_init	[botpy] 程序启动...
2025-02-24 20:27:30,020	[INFO]	(connection.py:60)multi_run	[botpy] 最大并发连接数: 1, 启动会话数: 1
2025-02-24 20:27:30,020	[INFO]	(client.py:242)bot_connect	[botpy] 会话启动中...
2025-02-24 20:27:30,021	[INFO]	(gateway.py:115)ws_connect	[botpy] 启动中...
2025-02-24 20:27:30,139	[INFO]	(gateway.py:142)ws_identify	[botpy] 鉴权中...
2025-02-24 20:27:30,214	[INFO]	(gateway.py:85)on_message	[botpy] 机器人「电费通知可爱妹妹-测试中」启动成功！
2025-02-24 20:27:30,214	[INFO]	(gateway.py:223)_send_heart	[botpy] 心跳维持启动...
2025-02-24 20:27:30,214	[INFO]	(demo_at_reply.py:17)on_ready	robot 「电费通知可爱妹妹-测试中」 on_ready!
2025-02-24 20:29:19,255	[INFO]	(client.py:162)_bot_login	[botpy] 登录机器人账号中...
2025-02-24 20:29:19,378	[INFO]	(robot.py:65)update_access_token	[botpy] access_token expires_in 4745
2025-02-24 20:29:19,829	[INFO]	(client.py:181)_bot_init	[botpy] 程序启动...
2025-02-24 20:29:19,829	[INFO]	(connection.py:60)multi_run	[botpy] 最大并发连接数: 1, 启动会话数: 1
2025-02-24 20:29:19,829	[INFO]	(client.py:242)bot_connect	[botpy] 会话启动中...
2025-02-24 20:29:19,829	[INFO]	(gateway.py:115)ws_connect	[botpy] 启动中...
2025-02-24 20:29:19,952	[INFO]	(gateway.py:142)ws_identify	[botpy] 鉴权中...
2025-02-24 20:29:20,060	[INFO]	(gateway.py:85)on_message	[botpy] 机器人「电费通知可爱妹妹-测试中」启动成功！
2025-02-24 20:29:20,060	[INFO]	(gateway.py:223)_send_heart	[botpy] 心跳维持启动...
2025-02-24 20:29:20,060	[INFO]	(demo_group_reply_text.py:17)on_ready	robot 「电费通知可爱妹妹-测试中」 on_ready!
2025-02-24 20:29:28,683	[INFO]	(demo_group_reply_text.py:25)on_group_at_message_create	{'id': 'ROBOT1.0_2inDS8YTQ1uMh4ftFnkLCC5MF9IgYFiu6-GMRKqUqAJW38i9iGqocCaPBSeLN6OfwhMhzOmo9MB7KPHlrjosyg!!', 'timestamp': '2025-02-24T20:29:22+08:00'}
2025-02-24 20:35:22,705	[INFO]	(client.py:162)_bot_login	[botpy] 登录机器人账号中...
2025-02-24 20:35:23,112	[INFO]	(robot.py:65)update_access_token	[botpy] access_token expires_in 4382
2025-02-24 20:35:23,557	[INFO]	(client.py:181)_bot_init	[botpy] 程序启动...
2025-02-24 20:35:23,557	[INFO]	(connection.py:60)multi_run	[botpy] 最大并发连接数: 1, 启动会话数: 1
2025-02-24 20:35:23,557	[INFO]	(client.py:242)bot_connect	[botpy] 会话启动中...
2025-02-24 20:35:23,558	[INFO]	(gateway.py:115)ws_connect	[botpy] 启动中...
2025-02-24 20:35:23,677	[INFO]	(gateway.py:142)ws_identify	[botpy] 鉴权中...
2025-02-24 20:35:23,763	[INFO]	(gateway.py:85)on_message	[botpy] 机器人「电费通知可爱妹妹-测试中」启动成功！
2025-02-24 20:35:23,764	[INFO]	(gateway.py:223)_send_heart	[botpy] 心跳维持启动...
2025-02-24 20:35:23,764	[INFO]	(Elect_bot.py:53)on_ready	机器人「电费通知可爱妹妹-测试中」已上线！
2025-02-24 20:36:11,025	[INFO]	(client.py:162)_bot_login	[botpy] 登录机器人账号中...
2025-02-24 20:36:11,163	[INFO]	(robot.py:65)update_access_token	[botpy] access_token expires_in 4333
2025-02-24 20:36:11,579	[INFO]	(client.py:181)_bot_init	[botpy] 程序启动...
2025-02-24 20:36:11,580	[INFO]	(connection.py:60)multi_run	[botpy] 最大并发连接数: 1, 启动会话数: 1
2025-02-24 20:36:11,580	[INFO]	(client.py:242)bot_connect	[botpy] 会话启动中...
2025-02-24 20:36:11,580	[INFO]	(gateway.py:115)ws_connect	[botpy] 启动中...
2025-02-24 20:36:11,707	[INFO]	(gateway.py:142)ws_identify	[botpy] 鉴权中...
2025-02-24 20:36:11,777	[INFO]	(gateway.py:85)on_message	[botpy] 机器人「电费通知可爱妹妹-测试中」启动成功！
2025-02-24 20:36:11,777	[INFO]	(gateway.py:223)_send_heart	[botpy] 心跳维持启动...
2025-02-24 20:36:11,777	[INFO]	(Elect_bot.py:53)on_ready	机器人「电费通知可爱妹妹-测试中」已上线！
2025-02-24 20:37:11,246	[INFO]	(client.py:162)_bot_login	[botpy] 登录机器人账号中...
2025-02-24 20:37:11,405	[INFO]	(robot.py:65)update_access_token	[botpy] access_token expires_in 4273
2025-02-24 20:37:11,870	[INFO]	(client.py:181)_bot_init	[botpy] 程序启动...
2025-02-24 20:37:11,870	[INFO]	(connection.py:60)multi_run	[botpy] 最大并发连接数: 1, 启动会话数: 1
2025-02-24 20:37:11,872	[INFO]	(client.py:242)bot_connect	[botpy] 会话启动中...
2025-02-24 20:37:11,872	[INFO]	(gateway.py:115)ws_connect	[botpy] 启动中...
2025-02-24 20:37:11,998	[INFO]	(gateway.py:142)ws_identify	[botpy] 鉴权中...
2025-02-24 20:37:12,070	[INFO]	(gateway.py:85)on_message	[botpy] 机器人「电费通知可爱妹妹-测试中」启动成功！
2025-02-24 20:37:12,070	[INFO]	(gateway.py:223)_send_heart	[botpy] 心跳维持启动...
2025-02-24 20:37:12,070	[INFO]	(Elect_bot.py:53)on_ready	机器人「电费通知可爱妹妹-测试中」已上线！
2025-02-24 20:37:15,735	[INFO]	(Elect_bot.py:86)on_group_at_message_create	{'id': 'ROBOT1.0_2inDS8YTQ1uMh4ftFnkLCAZhJQSyGzUeqUgY7B54z4rawxRQGXwH9WsHhrfx5iJH90IlmHlrTOL.JnxsCDkuoQ!!', 'timestamp': '2025-02-24T20:37:10+08:00'}
2025-02-24 20:37:52,389	[INFO]	(client.py:162)_bot_login	[botpy] 登录机器人账号中...
2025-02-24 20:37:52,535	[INFO]	(robot.py:65)update_access_token	[botpy] access_token expires_in 4232
2025-02-24 20:37:52,924	[INFO]	(client.py:181)_bot_init	[botpy] 程序启动...
2025-02-24 20:37:52,924	[INFO]	(connection.py:60)multi_run	[botpy] 最大并发连接数: 1, 启动会话数: 1
2025-02-24 20:37:52,924	[INFO]	(client.py:242)bot_connect	[botpy] 会话启动中...
2025-02-24 20:37:52,924	[INFO]	(gateway.py:115)ws_connect	[botpy] 启动中...
2025-02-24 20:37:53,045	[INFO]	(gateway.py:142)ws_identify	[botpy] 鉴权中...
2025-02-24 20:37:53,136	[INFO]	(gateway.py:85)on_message	[botpy] 机器人「电费通知可爱妹妹-测试中」启动成功！
2025-02-24 20:37:53,136	[INFO]	(gateway.py:223)_send_heart	[botpy] 心跳维持启动...
2025-02-24 20:37:53,136	[INFO]	(Elect_bot.py:53)on_ready	机器人「电费通知可爱妹妹-测试中」已上线！
2025-02-24 20:40:22,670	[INFO]	(client.py:162)_bot_login	[botpy] 登录机器人账号中...
2025-02-24 20:40:22,795	[INFO]	(robot.py:65)update_access_token	[botpy] access_token expires_in 4082
2025-02-24 20:40:23,269	[INFO]	(client.py:181)_bot_init	[botpy] 程序启动...
2025-02-24 20:40:23,269	[INFO]	(connection.py:60)multi_run	[botpy] 最大并发连接数: 1, 启动会话数: 1
2025-02-24 20:40:23,270	[INFO]	(client.py:242)bot_connect	[botpy] 会话启动中...
2025-02-24 20:40:23,270	[INFO]	(gateway.py:115)ws_connect	[botpy] 启动中...
2025-02-24 20:40:23,389	[INFO]	(gateway.py:142)ws_identify	[botpy] 鉴权中...
2025-02-24 20:40:23,481	[INFO]	(gateway.py:85)on_message	[botpy] 机器人「电费通知可爱妹妹-测试中」启动成功！
2025-02-24 20:40:23,481	[INFO]	(gateway.py:223)_send_heart	[botpy] 心跳维持启动...
2025-02-24 20:40:23,481	[INFO]	(Elect_bot.py:53)on_ready	机器人「电费通知可爱妹妹-测试中」已上线！
2025-02-24 20:40:32,083	[INFO]	(Elect_bot.py:88)on_group_at_message_create	{'id': 'ROBOT1.0_2inDS8YTQ1uMh4ftFnkLCMyyjTknjV4R3IxOiPzhq.Is27Dwd0I1va1IQj0FR9N0P42DZ5rZHuB3auhQq9eNAQ!!', 'timestamp': '2025-02-24T20:40:26+08:00'}
2025-02-24 20:41:14,887	[INFO]	(client.py:162)_bot_login	[botpy] 登录机器人账号中...
2025-02-24 20:41:15,016	[INFO]	(robot.py:65)update_access_token	[botpy] access_token expires_in 4030
2025-02-24 20:41:15,470	[INFO]	(client.py:181)_bot_init	[botpy] 程序启动...
2025-02-24 20:41:15,470	[INFO]	(connection.py:60)multi_run	[botpy] 最大并发连接数: 1, 启动会话数: 1
2025-02-24 20:41:15,471	[INFO]	(client.py:242)bot_connect	[botpy] 会话启动中...
2025-02-24 20:41:15,471	[INFO]	(gateway.py:115)ws_connect	[botpy] 启动中...
2025-02-24 20:41:15,606	[INFO]	(gateway.py:142)ws_identify	[botpy] 鉴权中...
2025-02-24 20:41:15,699	[INFO]	(gateway.py:85)on_message	[botpy] 机器人「电费通知可爱妹妹-测试中」启动成功！
2025-02-24 20:41:15,699	[INFO]	(gateway.py:223)_send_heart	[botpy] 心跳维持启动...
2025-02-24 20:41:15,700	[INFO]	(Elect_bot.py:53)on_ready	机器人「电费通知可爱妹妹-测试中」已上线！
2025-02-24 20:41:33,400	[INFO]	(Elect_bot.py:88)on_group_at_message_create	{'id': 'ROBOT1.0_2inDS8YTQ1uMh4ftFnkLCLVaPp61fCFS4Jr1FoDbk1Wa25s9s9q-YGIi7mkjUc6x0L6CtuOnVhg8jdhG1nN0qA!!', 'timestamp': '2025-02-24T20:41:27+08:00'}
2025-02-24 20:43:04,742	[INFO]	(client.py:162)_bot_login	[botpy] 登录机器人账号中...
2025-02-24 20:43:04,964	[INFO]	(robot.py:65)update_access_token	[botpy] access_token expires_in 3920
2025-02-24 20:43:05,653	[INFO]	(client.py:181)_bot_init	[botpy] 程序启动...
2025-02-24 20:43:05,653	[INFO]	(connection.py:60)multi_run	[botpy] 最大并发连接数: 1, 启动会话数: 1
2025-02-24 20:43:05,653	[INFO]	(client.py:242)bot_connect	[botpy] 会话启动中...
2025-02-24 20:43:05,653	[INFO]	(gateway.py:115)ws_connect	[botpy] 启动中...
2025-02-24 20:43:05,873	[INFO]	(gateway.py:142)ws_identify	[botpy] 鉴权中...
2025-02-24 20:43:05,969	[INFO]	(gateway.py:85)on_message	[botpy] 机器人「电费通知可爱妹妹-测试中」启动成功！
2025-02-24 20:43:05,969	[INFO]	(gateway.py:223)_send_heart	[botpy] 心跳维持启动...
2025-02-24 20:43:05,969	[INFO]	(Elect_bot.py:53)on_ready	机器人「电费通知可爱妹妹-测试中」已上线！
2025-02-24 20:54:03,695	[INFO]	(client.py:162)_bot_login	[botpy] 登录机器人账号中...
2025-02-24 20:54:03,853	[INFO]	(robot.py:65)update_access_token	[botpy] access_token expires_in 3261
2025-02-24 20:54:04,319	[INFO]	(client.py:181)_bot_init	[botpy] 程序启动...
2025-02-24 20:54:04,319	[INFO]	(connection.py:60)multi_run	[botpy] 最大并发连接数: 1, 启动会话数: 1
2025-02-24 20:54:04,319	[INFO]	(client.py:242)bot_connect	[botpy] 会话启动中...
2025-02-24 20:54:04,319	[INFO]	(gateway.py:115)ws_connect	[botpy] 启动中...
2025-02-24 20:54:04,447	[INFO]	(gateway.py:142)ws_identify	[botpy] 鉴权中...
2025-02-24 20:54:04,546	[INFO]	(gateway.py:85)on_message	[botpy] 机器人「电费通知可爱妹妹-测试中」启动成功！
2025-02-24 20:54:04,546	[INFO]	(gateway.py:223)_send_heart	[botpy] 心跳维持启动...
2025-02-24 20:54:04,546	[INFO]	(Elect_bot.py:53)on_ready	机器人「电费通知可爱妹妹-测试中」已上线！
2025-02-24 20:54:48,359	[INFO]	(client.py:162)_bot_login	[botpy] 登录机器人账号中...
2025-02-24 20:54:48,488	[INFO]	(robot.py:65)update_access_token	[botpy] access_token expires_in 3216
2025-02-24 20:54:48,936	[INFO]	(client.py:181)_bot_init	[botpy] 程序启动...
2025-02-24 20:54:48,937	[INFO]	(connection.py:60)multi_run	[botpy] 最大并发连接数: 1, 启动会话数: 1
2025-02-24 20:54:48,937	[INFO]	(client.py:242)bot_connect	[botpy] 会话启动中...
2025-02-24 20:54:48,937	[INFO]	(gateway.py:115)ws_connect	[botpy] 启动中...
2025-02-24 20:54:49,056	[INFO]	(gateway.py:142)ws_identify	[botpy] 鉴权中...
2025-02-24 20:54:49,149	[INFO]	(gateway.py:85)on_message	[botpy] 机器人「电费通知可爱妹妹-测试中」启动成功！
2025-02-24 20:54:49,149	[INFO]	(gateway.py:223)_send_heart	[botpy] 心跳维持启动...
2025-02-24 20:54:49,150	[INFO]	(Elect_bot.py:53)on_ready	机器人「电费通知可爱妹妹-测试中」已上线！
2025-02-24 20:55:48,845	[INFO]	(client.py:162)_bot_login	[botpy] 登录机器人账号中...
2025-02-24 20:55:49,039	[INFO]	(robot.py:65)update_access_token	[botpy] access_token expires_in 3156
2025-02-24 20:55:49,816	[INFO]	(client.py:181)_bot_init	[botpy] 程序启动...
2025-02-24 20:55:49,816	[INFO]	(connection.py:60)multi_run	[botpy] 最大并发连接数: 1, 启动会话数: 1
2025-02-24 20:55:49,816	[INFO]	(client.py:242)bot_connect	[botpy] 会话启动中...
2025-02-24 20:55:49,816	[INFO]	(gateway.py:115)ws_connect	[botpy] 启动中...
2025-02-24 20:55:50,122	[INFO]	(gateway.py:142)ws_identify	[botpy] 鉴权中...
2025-02-24 20:55:50,239	[INFO]	(gateway.py:85)on_message	[botpy] 机器人「电费通知可爱妹妹-测试中」启动成功！
2025-02-24 20:55:50,239	[INFO]	(gateway.py:223)_send_heart	[botpy] 心跳维持启动...
2025-02-24 20:55:50,239	[INFO]	(Elect_bot.py:53)on_ready	机器人「电费通知可爱妹妹-测试中」已上线！
2025-02-24 20:56:36,075	[INFO]	(client.py:162)_bot_login	[botpy] 登录机器人账号中...
2025-02-24 20:56:36,340	[INFO]	(robot.py:65)update_access_token	[botpy] access_token expires_in 3108
2025-02-24 20:56:37,141	[INFO]	(client.py:181)_bot_init	[botpy] 程序启动...
2025-02-24 20:56:37,142	[INFO]	(connection.py:60)multi_run	[botpy] 最大并发连接数: 1, 启动会话数: 1
2025-02-24 20:56:37,142	[INFO]	(client.py:242)bot_connect	[botpy] 会话启动中...
2025-02-24 20:56:37,142	[INFO]	(gateway.py:115)ws_connect	[botpy] 启动中...
2025-02-24 20:56:37,442	[INFO]	(gateway.py:142)ws_identify	[botpy] 鉴权中...
2025-02-24 20:56:37,555	[INFO]	(gateway.py:85)on_message	[botpy] 机器人「电费通知可爱妹妹-测试中」启动成功！
2025-02-24 20:56:37,555	[INFO]	(gateway.py:223)_send_heart	[botpy] 心跳维持启动...
2025-02-24 20:56:37,555	[INFO]	(Elect_bot.py:53)on_ready	机器人「电费通知可爱妹妹-测试中」已上线！
2025-02-24 21:12:54,515	[INFO]	(client.py:162)_bot_login	[botpy] 登录机器人账号中...
2025-02-24 21:12:54,660	[INFO]	(robot.py:65)update_access_token	[botpy] access_token expires_in 2130
2025-02-24 21:12:55,145	[INFO]	(client.py:181)_bot_init	[botpy] 程序启动...
2025-02-24 21:12:55,145	[INFO]	(connection.py:60)multi_run	[botpy] 最大并发连接数: 1, 启动会话数: 1
2025-02-24 21:12:55,145	[INFO]	(client.py:242)bot_connect	[botpy] 会话启动中...
2025-02-24 21:12:55,145	[INFO]	(gateway.py:115)ws_connect	[botpy] 启动中...
2025-02-24 21:12:55,545	[INFO]	(gateway.py:142)ws_identify	[botpy] 鉴权中...
2025-02-24 21:12:55,649	[INFO]	(gateway.py:85)on_message	[botpy] 机器人「电费通知可爱妹妹-测试中」启动成功！
2025-02-24 21:12:55,649	[INFO]	(gateway.py:223)_send_heart	[botpy] 心跳维持启动...
2025-02-24 21:12:55,649	[INFO]	(Elect_bot.py:53)on_ready	机器人「电费通知可爱妹妹-测试中」已上线！
2025-02-24 21:17:54,907	[INFO]	(client.py:162)_bot_login	[botpy] 登录机器人账号中...
2025-02-24 21:17:55,172	[INFO]	(robot.py:65)update_access_token	[botpy] access_token expires_in 1830
2025-02-24 21:17:55,938	[INFO]	(client.py:181)_bot_init	[botpy] 程序启动...
2025-02-24 21:17:55,938	[INFO]	(connection.py:60)multi_run	[botpy] 最大并发连接数: 1, 启动会话数: 1
2025-02-24 21:17:55,938	[INFO]	(client.py:242)bot_connect	[botpy] 会话启动中...
2025-02-24 21:17:55,938	[INFO]	(gateway.py:115)ws_connect	[botpy] 启动中...
2025-02-24 21:17:56,215	[INFO]	(gateway.py:142)ws_identify	[botpy] 鉴权中...
2025-02-24 21:17:56,338	[INFO]	(gateway.py:85)on_message	[botpy] 机器人「电费通知可爱妹妹-测试中」启动成功！
2025-02-24 21:17:56,338	[INFO]	(gateway.py:223)_send_heart	[botpy] 心跳维持启动...
2025-02-24 21:17:56,338	[INFO]	(Elect_bot.py:53)on_ready	机器人「电费通知可爱妹妹-测试中」已上线！
2025-02-24 21:18:37,931	[INFO]	(client.py:162)_bot_login	[botpy] 登录机器人账号中...
2025-02-24 21:18:38,189	[INFO]	(robot.py:65)update_access_token	[botpy] access_token expires_in 1787
2025-02-24 21:18:38,958	[INFO]	(client.py:181)_bot_init	[botpy] 程序启动...
2025-02-24 21:18:38,958	[INFO]	(connection.py:60)multi_run	[botpy] 最大并发连接数: 1, 启动会话数: 1
2025-02-24 21:18:38,959	[INFO]	(client.py:242)bot_connect	[botpy] 会话启动中...
2025-02-24 21:18:38,959	[INFO]	(gateway.py:115)ws_connect	[botpy] 启动中...
2025-02-24 21:18:39,247	[INFO]	(gateway.py:142)ws_identify	[botpy] 鉴权中...
2025-02-24 21:18:39,372	[INFO]	(gateway.py:85)on_message	[botpy] 机器人「电费通知可爱妹妹-测试中」启动成功！
2025-02-24 21:18:39,373	[INFO]	(gateway.py:223)_send_heart	[botpy] 心跳维持启动...
2025-02-24 21:18:39,373	[INFO]	(Elect_bot.py:53)on_ready	机器人「电费通知可爱妹妹-测试中」已上线！
2025-02-24 21:22:15,187	[INFO]	(client.py:162)_bot_login	[botpy] 登录机器人账号中...
2025-02-24 21:22:15,307	[INFO]	(robot.py:65)update_access_token	[botpy] access_token expires_in 1569
2025-02-24 21:22:15,878	[INFO]	(client.py:181)_bot_init	[botpy] 程序启动...
2025-02-24 21:22:15,878	[INFO]	(connection.py:60)multi_run	[botpy] 最大并发连接数: 1, 启动会话数: 1
2025-02-24 21:22:15,879	[INFO]	(client.py:242)bot_connect	[botpy] 会话启动中...
2025-02-24 21:22:15,879	[INFO]	(gateway.py:115)ws_connect	[botpy] 启动中...
2025-02-24 21:22:16,019	[INFO]	(gateway.py:142)ws_identify	[botpy] 鉴权中...
2025-02-24 21:22:16,103	[INFO]	(gateway.py:85)on_message	[botpy] 机器人「电费通知可爱妹妹-测试中」启动成功！
2025-02-24 21:22:16,103	[INFO]	(gateway.py:223)_send_heart	[botpy] 心跳维持启动...
2025-02-24 21:22:16,103	[INFO]	(Elect_bot.py:59)on_ready	机器人「电费通知可爱妹妹-测试中」已上线！
2025-02-24 23:52:02,706	[INFO]	(client.py:162)_bot_login	[botpy] 登录机器人账号中...
2025-02-24 23:52:02,863	[INFO]	(robot.py:65)update_access_token	[botpy] access_token expires_in 4055
2025-02-24 23:52:03,335	[INFO]	(client.py:181)_bot_init	[botpy] 程序启动...
2025-02-24 23:52:03,335	[INFO]	(connection.py:60)multi_run	[botpy] 最大并发连接数: 1, 启动会话数: 1
2025-02-24 23:52:03,335	[INFO]	(client.py:242)bot_connect	[botpy] 会话启动中...
2025-02-24 23:52:03,335	[INFO]	(gateway.py:115)ws_connect	[botpy] 启动中...
2025-02-24 23:52:03,474	[INFO]	(gateway.py:142)ws_identify	[botpy] 鉴权中...
2025-02-24 23:52:03,571	[INFO]	(gateway.py:85)on_message	[botpy] 机器人「电费通知可爱妹妹-测试中」启动成功！
2025-02-24 23:52:03,571	[INFO]	(gateway.py:223)_send_heart	[botpy] 心跳维持启动...
2025-02-24 23:52:03,571	[INFO]	(Elect_bot.py:62)on_ready	机器人「电费通知可爱妹妹-测试中」已上线！
2025-02-24 23:52:59,724	[INFO]	(client.py:162)_bot_login	[botpy] 登录机器人账号中...
2025-02-24 23:52:59,868	[INFO]	(robot.py:65)update_access_token	[botpy] access_token expires_in 3998
2025-02-24 23:53:00,269	[INFO]	(client.py:181)_bot_init	[botpy] 程序启动...
2025-02-24 23:53:00,269	[INFO]	(connection.py:60)multi_run	[botpy] 最大并发连接数: 1, 启动会话数: 1
2025-02-24 23:53:00,270	[INFO]	(client.py:242)bot_connect	[botpy] 会话启动中...
2025-02-24 23:53:00,270	[INFO]	(gateway.py:115)ws_connect	[botpy] 启动中...
2025-02-24 23:53:00,396	[INFO]	(gateway.py:142)ws_identify	[botpy] 鉴权中...
2025-02-24 23:53:00,465	[INFO]	(gateway.py:85)on_message	[botpy] 机器人「电费通知可爱妹妹-测试中」启动成功！
2025-02-24 23:53:00,466	[INFO]	(gateway.py:223)_send_heart	[botpy] 心跳维持启动...
2025-02-24 23:53:00,466	[INFO]	(Elect_bot.py:62)on_ready	机器人「电费通知可爱妹妹-测试中」已上线！
2025-02-24 23:55:11,893	[INFO]	(client.py:162)_bot_login	[botpy] 登录机器人账号中...
2025-02-24 23:55:12,014	[INFO]	(robot.py:65)update_access_token	[botpy] access_token expires_in 3865
2025-02-24 23:55:12,549	[INFO]	(client.py:181)_bot_init	[botpy] 程序启动...
2025-02-24 23:55:12,549	[INFO]	(connection.py:60)multi_run	[botpy] 最大并发连接数: 1, 启动会话数: 1
2025-02-24 23:55:12,549	[INFO]	(client.py:242)bot_connect	[botpy] 会话启动中...
2025-02-24 23:55:12,549	[INFO]	(gateway.py:115)ws_connect	[botpy] 启动中...
2025-02-24 23:55:12,681	[INFO]	(gateway.py:142)ws_identify	[botpy] 鉴权中...
2025-02-24 23:55:12,778	[INFO]	(gateway.py:85)on_message	[botpy] 机器人「电费通知可爱妹妹-测试中」启动成功！
2025-02-24 23:55:12,778	[INFO]	(gateway.py:223)_send_heart	[botpy] 心跳维持启动...
2025-02-24 23:55:12,778	[INFO]	(Elect_bot.py:62)on_ready	机器人「电费通知可爱妹妹-测试中」已上线！
2025-02-25 13:03:02,136	[INFO]	(client.py:162)_bot_login	[botpy] 登录机器人账号中...
2025-02-25 13:03:02,384	[INFO]	(robot.py:65)update_access_token	[botpy] access_token expires_in 7200
2025-02-25 13:03:02,572	[ERROR]	(http.py:76)_handle_response	[botpy] 接口请求异常，请求连接: https://api.sgroup.qq.com/users/@me, 错误代码: 401, 返回内容: {'message': '接口访问源IP不在白名单', 'code': 11298, 'err_code': 40023002, 'trace_id': '20bc28dab324d4219678f0b81a6fc525'}, trace_id:20bc28dab324d4219678f0b81a6fc525
2025-02-25 13:03:16,067	[INFO]	(client.py:162)_bot_login	[botpy] 登录机器人账号中...
2025-02-25 13:03:16,215	[INFO]	(robot.py:65)update_access_token	[botpy] access_token expires_in 7186
2025-02-25 13:03:16,390	[ERROR]	(http.py:76)_handle_response	[botpy] 接口请求异常，请求连接: https://api.sgroup.qq.com/users/@me, 错误代码: 401, 返回内容: {'message': '接口访问源IP不在白名单', 'code': 11298, 'err_code': 40023002, 'trace_id': '0c6153b89f52a4bc7f2740b7626b104a'}, trace_id:0c6153b89f52a4bc7f2740b7626b104a
2025-02-25 13:05:13,145	[INFO]	(client.py:162)_bot_login	[botpy] 登录机器人账号中...
2025-02-25 13:05:13,286	[INFO]	(robot.py:65)update_access_token	[botpy] access_token expires_in 7069
2025-02-25 13:05:13,723	[ERROR]	(http.py:76)_handle_response	[botpy] 接口请求异常，请求连接: https://api.sgroup.qq.com/users/@me, 错误代码: 401, 返回内容: {'message': '接口访问源IP不在白名单', 'code': 11298, 'err_code': 40023002, 'trace_id': '90313bfa79fdfcb0ddf28f507050cb1e'}, trace_id:90313bfa79fdfcb0ddf28f507050cb1e
2025-02-25 13:05:18,556	[INFO]	(client.py:162)_bot_login	[botpy] 登录机器人账号中...
2025-02-25 13:05:18,678	[INFO]	(robot.py:65)update_access_token	[botpy] access_token expires_in 7064
2025-02-25 13:05:18,855	[ERROR]	(http.py:76)_handle_response	[botpy] 接口请求异常，请求连接: https://api.sgroup.qq.com/users/@me, 错误代码: 401, 返回内容: {'message': '接口访问源IP不在白名单', 'code': 11298, 'err_code': 40023002, 'trace_id': '0baec5cbaa97ad5a8469e5ce96e5fa98'}, trace_id:0baec5cbaa97ad5a8469e5ce96e5fa98
2025-02-25 13:07:58,282	[INFO]	(client.py:162)_bot_login	[botpy] 登录机器人账号中...
2025-02-25 13:07:58,432	[INFO]	(robot.py:65)update_access_token	[botpy] access_token expires_in 6904
2025-02-25 13:07:58,866	[INFO]	(client.py:181)_bot_init	[botpy] 程序启动...
2025-02-25 13:07:58,866	[INFO]	(connection.py:60)multi_run	[botpy] 最大并发连接数: 1, 启动会话数: 1
2025-02-25 13:07:58,866	[INFO]	(client.py:242)bot_connect	[botpy] 会话启动中...
2025-02-25 13:07:58,867	[INFO]	(gateway.py:115)ws_connect	[botpy] 启动中...
2025-02-25 13:07:58,983	[INFO]	(gateway.py:142)ws_identify	[botpy] 鉴权中...
2025-02-25 13:07:59,073	[INFO]	(gateway.py:85)on_message	[botpy] 机器人「电费通知可爱妹妹-测试中」启动成功！
2025-02-25 13:07:59,074	[INFO]	(gateway.py:223)_send_heart	[botpy] 心跳维持启动...
2025-02-25 13:07:59,074	[INFO]	(Elect_bot.py:62)on_ready	机器人「电费通知可爱妹妹-测试中」已上线！
2025-02-25 13:11:52,961	[INFO]	(client.py:162)_bot_login	[botpy] 登录机器人账号中...
2025-02-25 13:11:53,088	[INFO]	(robot.py:65)update_access_token	[botpy] access_token expires_in 6669
2025-02-25 13:11:53,549	[INFO]	(client.py:181)_bot_init	[botpy] 程序启动...
2025-02-25 13:11:53,550	[INFO]	(connection.py:60)multi_run	[botpy] 最大并发连接数: 1, 启动会话数: 1
2025-02-25 13:11:53,550	[INFO]	(client.py:242)bot_connect	[botpy] 会话启动中...
2025-02-25 13:11:53,550	[INFO]	(gateway.py:115)ws_connect	[botpy] 启动中...
2025-02-25 13:11:53,681	[INFO]	(gateway.py:142)ws_identify	[botpy] 鉴权中...
2025-02-25 13:11:53,799	[INFO]	(gateway.py:85)on_message	[botpy] 机器人「电费通知可爱妹妹-测试中」启动成功！
2025-02-25 13:11:53,799	[INFO]	(gateway.py:223)_send_heart	[botpy] 心跳维持启动...
2025-02-25 13:11:53,800	[INFO]	(Elect_bot.py:62)on_ready	机器人「电费通知可爱妹妹-测试中」已上线！
2025-02-25 13:15:37,283	[INFO]	(client.py:162)_bot_login	[botpy] 登录机器人账号中...
2025-02-25 13:15:37,408	[INFO]	(robot.py:65)update_access_token	[botpy] access_token expires_in 6445
2025-02-25 13:15:37,849	[INFO]	(client.py:181)_bot_init	[botpy] 程序启动...
2025-02-25 13:15:37,849	[INFO]	(connection.py:60)multi_run	[botpy] 最大并发连接数: 1, 启动会话数: 1
2025-02-25 13:15:37,849	[INFO]	(client.py:242)bot_connect	[botpy] 会话启动中...
2025-02-25 13:15:37,849	[INFO]	(gateway.py:115)ws_connect	[botpy] 启动中...
2025-02-25 13:15:37,990	[INFO]	(gateway.py:142)ws_identify	[botpy] 鉴权中...
2025-02-25 13:15:38,065	[INFO]	(gateway.py:85)on_message	[botpy] 机器人「电费通知可爱妹妹-测试中」启动成功！
2025-02-25 13:15:38,065	[INFO]	(gateway.py:223)_send_heart	[botpy] 心跳维持启动...
2025-02-25 13:15:38,066	[INFO]	(Elect_bot.py:62)on_ready	机器人「电费通知可爱妹妹-测试中」已上线！
2025-02-25 13:15:46,284	[INFO]	(client.py:162)_bot_login	[botpy] 登录机器人账号中...
2025-02-25 13:15:46,403	[INFO]	(robot.py:65)update_access_token	[botpy] access_token expires_in 6436
2025-02-25 13:15:46,813	[INFO]	(client.py:181)_bot_init	[botpy] 程序启动...
2025-02-25 13:15:46,814	[INFO]	(connection.py:60)multi_run	[botpy] 最大并发连接数: 1, 启动会话数: 1
2025-02-25 13:15:46,814	[INFO]	(client.py:242)bot_connect	[botpy] 会话启动中...
2025-02-25 13:15:46,815	[INFO]	(gateway.py:115)ws_connect	[botpy] 启动中...
2025-02-25 13:15:46,944	[INFO]	(gateway.py:142)ws_identify	[botpy] 鉴权中...
2025-02-25 13:15:47,014	[INFO]	(gateway.py:85)on_message	[botpy] 机器人「电费通知可爱妹妹-测试中」启动成功！
2025-02-25 13:15:47,014	[INFO]	(gateway.py:223)_send_heart	[botpy] 心跳维持启动...
2025-02-25 13:15:47,015	[INFO]	(Elect_bot.py:62)on_ready	机器人「电费通知可爱妹妹-测试中」已上线！
2025-02-25 13:16:31,417	[INFO]	(client.py:162)_bot_login	[botpy] 登录机器人账号中...
2025-02-25 13:16:31,556	[INFO]	(robot.py:65)update_access_token	[botpy] access_token expires_in 6391
2025-02-25 13:16:32,018	[INFO]	(client.py:181)_bot_init	[botpy] 程序启动...
2025-02-25 13:16:32,018	[INFO]	(connection.py:60)multi_run	[botpy] 最大并发连接数: 1, 启动会话数: 1
2025-02-25 13:16:32,018	[INFO]	(client.py:242)bot_connect	[botpy] 会话启动中...
2025-02-25 13:16:32,018	[INFO]	(gateway.py:115)ws_connect	[botpy] 启动中...
2025-02-25 13:16:32,139	[INFO]	(gateway.py:142)ws_identify	[botpy] 鉴权中...
2025-02-25 13:16:32,207	[INFO]	(gateway.py:85)on_message	[botpy] 机器人「电费通知可爱妹妹-测试中」启动成功！
2025-02-25 13:16:32,207	[INFO]	(gateway.py:223)_send_heart	[botpy] 心跳维持启动...
2025-02-25 13:16:32,207	[INFO]	(Elect_bot.py:62)on_ready	机器人「电费通知可爱妹妹-测试中」已上线！
2025-02-25 13:17:00,400	[INFO]	(client.py:162)_bot_login	[botpy] 登录机器人账号中...
2025-02-25 13:17:00,550	[INFO]	(robot.py:65)update_access_token	[botpy] access_token expires_in 6362
2025-02-25 13:17:01,004	[INFO]	(client.py:181)_bot_init	[botpy] 程序启动...
2025-02-25 13:17:01,004	[INFO]	(connection.py:60)multi_run	[botpy] 最大并发连接数: 1, 启动会话数: 1
2025-02-25 13:17:01,004	[INFO]	(client.py:242)bot_connect	[botpy] 会话启动中...
2025-02-25 13:17:01,005	[INFO]	(gateway.py:115)ws_connect	[botpy] 启动中...
2025-02-25 13:17:01,130	[INFO]	(gateway.py:142)ws_identify	[botpy] 鉴权中...
2025-02-25 13:17:01,209	[INFO]	(gateway.py:85)on_message	[botpy] 机器人「电费通知可爱妹妹-测试中」启动成功！
2025-02-25 13:17:01,210	[INFO]	(gateway.py:223)_send_heart	[botpy] 心跳维持启动...
2025-02-25 13:17:01,210	[INFO]	(Elect_bot.py:62)on_ready	机器人「电费通知可爱妹妹-测试中」已上线！
2025-02-25 13:41:23,898	[ERROR]	(http.py:76)_handle_response	[botpy] 接口请求异常，请求连接: https://api.sgroup.qq.com/v2/users/2EBBD10FC3F875DC7CA9CF9CA3686706/messages, 错误代码: 400, 返回内容: {'message': '主动消息超过频率限制', 'code': 40073001, 'err_code': 40073001, 'trace_id': '3d8c549803c0c6e7126dc44bc350db8d'}, trace_id:3d8c549803c0c6e7126dc44bc350db8d
2025-02-25 13:47:01,177	[INFO]	(gateway.py:56)on_closed	[botpy] 关闭, 返回码: 4009, 返回信息: Session timed out
2025-02-25 13:47:01,179	[INFO]	(gateway.py:134)ws_connect	[botpy] ws关闭, 停止接收消息!
2025-02-25 13:47:06,178	[INFO]	(connection.py:60)multi_run	[botpy] 最大并发连接数: 1, 启动会话数: 1
2025-02-25 13:47:06,179	[INFO]	(client.py:242)bot_connect	[botpy] 会话启动中...
2025-02-25 13:47:06,179	[INFO]	(gateway.py:115)ws_connect	[botpy] 启动中...
2025-02-25 13:47:06,311	[INFO]	(gateway.py:175)ws_resume	[botpy] 重连启动...
2025-02-25 13:47:06,386	[INFO]	(gateway.py:90)on_message	[botpy] 机器人重连成功! 
2025-02-25 13:47:06,387	[INFO]	(gateway.py:223)_send_heart	[botpy] 心跳维持启动...
2025-02-25 14:17:06,356	[INFO]	(gateway.py:56)on_closed	[botpy] 关闭, 返回码: 4009, 返回信息: Session timed out
2025-02-25 14:17:06,357	[INFO]	(gateway.py:134)ws_connect	[botpy] ws关闭, 停止接收消息!
2025-02-25 14:17:11,358	[INFO]	(connection.py:60)multi_run	[botpy] 最大并发连接数: 1, 启动会话数: 1
2025-02-25 14:17:11,358	[INFO]	(client.py:242)bot_connect	[botpy] 会话启动中...
2025-02-25 14:17:11,358	[INFO]	(gateway.py:115)ws_connect	[botpy] 启动中...
2025-02-25 14:17:11,501	[INFO]	(gateway.py:175)ws_resume	[botpy] 重连启动...
2025-02-25 14:17:11,569	[INFO]	(gateway.py:90)on_message	[botpy] 机器人重连成功! 
2025-02-25 14:17:11,572	[INFO]	(gateway.py:223)_send_heart	[botpy] 心跳维持启动...
2025-02-25 14:47:11,547	[INFO]	(gateway.py:56)on_closed	[botpy] 关闭, 返回码: 4009, 返回信息: Session timed out
2025-02-25 14:47:11,547	[INFO]	(gateway.py:134)ws_connect	[botpy] ws关闭, 停止接收消息!
2025-02-25 14:47:16,555	[INFO]	(connection.py:60)multi_run	[botpy] 最大并发连接数: 1, 启动会话数: 1
2025-02-25 14:47:16,555	[INFO]	(client.py:242)bot_connect	[botpy] 会话启动中...
2025-02-25 14:47:16,555	[INFO]	(gateway.py:115)ws_connect	[botpy] 启动中...
2025-02-25 14:47:16,707	[INFO]	(gateway.py:175)ws_resume	[botpy] 重连启动...
2025-02-25 14:47:16,779	[INFO]	(gateway.py:90)on_message	[botpy] 机器人重连成功! 
2025-02-25 14:47:16,779	[INFO]	(gateway.py:223)_send_heart	[botpy] 心跳维持启动...
2025-02-25 15:17:16,754	[INFO]	(gateway.py:56)on_closed	[botpy] 关闭, 返回码: 4009, 返回信息: Session timed out
2025-02-25 15:17:16,755	[INFO]	(gateway.py:134)ws_connect	[botpy] ws关闭, 停止接收消息!
2025-02-25 15:17:21,780	[INFO]	(connection.py:60)multi_run	[botpy] 最大并发连接数: 1, 启动会话数: 1
2025-02-25 15:17:21,781	[INFO]	(client.py:242)bot_connect	[botpy] 会话启动中...
2025-02-25 15:17:21,781	[INFO]	(gateway.py:115)ws_connect	[botpy] 启动中...
2025-02-25 15:17:21,924	[INFO]	(gateway.py:175)ws_resume	[botpy] 重连启动...
2025-02-25 15:17:22,145	[INFO]	(robot.py:65)update_access_token	[botpy] access_token expires_in 7200
2025-02-25 15:17:22,230	[INFO]	(gateway.py:90)on_message	[botpy] 机器人重连成功! 
2025-02-25 15:17:22,232	[INFO]	(gateway.py:223)_send_heart	[botpy] 心跳维持启动...
2025-02-25 15:47:21,971	[INFO]	(gateway.py:56)on_closed	[botpy] 关闭, 返回码: 4009, 返回信息: Session timed out
2025-02-25 15:47:21,972	[INFO]	(gateway.py:134)ws_connect	[botpy] ws关闭, 停止接收消息!
2025-02-25 15:47:26,976	[INFO]	(connection.py:60)multi_run	[botpy] 最大并发连接数: 1, 启动会话数: 1
2025-02-25 15:47:26,977	[INFO]	(client.py:242)bot_connect	[botpy] 会话启动中...
2025-02-25 15:47:26,977	[INFO]	(gateway.py:115)ws_connect	[botpy] 启动中...
2025-02-25 15:47:28,131	[INFO]	(gateway.py:175)ws_resume	[botpy] 重连启动...
2025-02-25 15:47:28,202	[INFO]	(gateway.py:90)on_message	[botpy] 机器人重连成功! 
2025-02-25 15:47:28,202	[INFO]	(gateway.py:223)_send_heart	[botpy] 心跳维持启动...
2025-02-25 16:17:28,179	[INFO]	(gateway.py:56)on_closed	[botpy] 关闭, 返回码: 4009, 返回信息: Session timed out
2025-02-25 16:17:28,179	[INFO]	(gateway.py:134)ws_connect	[botpy] ws关闭, 停止接收消息!
2025-02-25 16:17:33,190	[INFO]	(connection.py:60)multi_run	[botpy] 最大并发连接数: 1, 启动会话数: 1
2025-02-25 16:17:33,190	[INFO]	(client.py:242)bot_connect	[botpy] 会话启动中...
2025-02-25 16:17:33,190	[INFO]	(gateway.py:115)ws_connect	[botpy] 启动中...
2025-02-25 16:17:33,332	[INFO]	(gateway.py:175)ws_resume	[botpy] 重连启动...
2025-02-25 16:17:33,408	[INFO]	(gateway.py:90)on_message	[botpy] 机器人重连成功! 
2025-02-25 16:17:33,409	[INFO]	(gateway.py:223)_send_heart	[botpy] 心跳维持启动...
2025-02-25 16:47:33,381	[INFO]	(gateway.py:56)on_closed	[botpy] 关闭, 返回码: 4009, 返回信息: Session timed out
2025-02-25 16:47:33,381	[INFO]	(gateway.py:134)ws_connect	[botpy] ws关闭, 停止接收消息!
2025-02-25 16:47:38,384	[INFO]	(connection.py:60)multi_run	[botpy] 最大并发连接数: 1, 启动会话数: 1
2025-02-25 16:47:38,387	[INFO]	(client.py:242)bot_connect	[botpy] 会话启动中...
2025-02-25 16:47:38,387	[INFO]	(gateway.py:115)ws_connect	[botpy] 启动中...
2025-02-25 16:47:38,551	[INFO]	(gateway.py:175)ws_resume	[botpy] 重连启动...
2025-02-25 16:47:38,625	[INFO]	(gateway.py:90)on_message	[botpy] 机器人重连成功! 
2025-02-25 16:47:38,626	[INFO]	(gateway.py:223)_send_heart	[botpy] 心跳维持启动...
2025-02-25 17:17:38,595	[INFO]	(gateway.py:56)on_closed	[botpy] 关闭, 返回码: 4009, 返回信息: Session timed out
2025-02-25 17:17:38,595	[INFO]	(gateway.py:134)ws_connect	[botpy] ws关闭, 停止接收消息!
2025-02-25 17:17:43,604	[INFO]	(connection.py:60)multi_run	[botpy] 最大并发连接数: 1, 启动会话数: 1
2025-02-25 17:17:43,604	[INFO]	(client.py:242)bot_connect	[botpy] 会话启动中...
2025-02-25 17:17:43,604	[INFO]	(gateway.py:115)ws_connect	[botpy] 启动中...
2025-02-25 17:17:43,748	[INFO]	(gateway.py:175)ws_resume	[botpy] 重连启动...
2025-02-25 17:17:43,936	[INFO]	(robot.py:65)update_access_token	[botpy] access_token expires_in 7200
2025-02-25 17:17:44,014	[INFO]	(gateway.py:90)on_message	[botpy] 机器人重连成功! 
2025-02-25 17:17:44,015	[INFO]	(gateway.py:223)_send_heart	[botpy] 心跳维持启动...
2025-02-25 17:27:31,136	[INFO]	(client.py:162)_bot_login	[botpy] 登录机器人账号中...
2025-02-25 17:27:31,345	[INFO]	(robot.py:65)update_access_token	[botpy] access_token expires_in 6613
2025-02-25 17:27:31,844	[INFO]	(client.py:181)_bot_init	[botpy] 程序启动...
2025-02-25 17:27:31,845	[INFO]	(connection.py:60)multi_run	[botpy] 最大并发连接数: 1, 启动会话数: 1
2025-02-25 17:27:31,845	[INFO]	(client.py:242)bot_connect	[botpy] 会话启动中...
2025-02-25 17:27:31,845	[INFO]	(gateway.py:115)ws_connect	[botpy] 启动中...
2025-02-25 17:27:31,988	[INFO]	(gateway.py:142)ws_identify	[botpy] 鉴权中...
2025-02-25 17:27:32,087	[INFO]	(gateway.py:85)on_message	[botpy] 机器人「电费通知可爱妹妹-测试中」启动成功！
2025-02-25 17:27:32,087	[INFO]	(gateway.py:223)_send_heart	[botpy] 心跳维持启动...
2025-02-25 17:27:32,087	[INFO]	(Elect_bot.py:62)on_ready	机器人「电费通知可爱妹妹-测试中」已上线！
2025-02-25 17:27:57,062	[INFO]	(client.py:162)_bot_login	[botpy] 登录机器人账号中...
2025-02-25 17:27:57,200	[INFO]	(robot.py:65)update_access_token	[botpy] access_token expires_in 6587
2025-02-25 17:27:57,691	[INFO]	(client.py:181)_bot_init	[botpy] 程序启动...
2025-02-25 17:27:57,691	[INFO]	(connection.py:60)multi_run	[botpy] 最大并发连接数: 1, 启动会话数: 1
2025-02-25 17:27:57,691	[INFO]	(client.py:242)bot_connect	[botpy] 会话启动中...
2025-02-25 17:27:57,691	[INFO]	(gateway.py:115)ws_connect	[botpy] 启动中...
2025-02-25 17:27:57,822	[INFO]	(gateway.py:142)ws_identify	[botpy] 鉴权中...
2025-02-25 17:27:58,162	[INFO]	(gateway.py:85)on_message	[botpy] 机器人「电费通知可爱妹妹-测试中」启动成功！
2025-02-25 17:27:58,163	[INFO]	(gateway.py:223)_send_heart	[botpy] 心跳维持启动...
2025-02-25 17:27:58,163	[INFO]	(Elect_bot.py:62)on_ready	机器人「电费通知可爱妹妹-测试中」已上线！
2025-02-25 17:28:10,476	[ERROR]	(http.py:76)_handle_response	[botpy] 接口请求异常，请求连接: https://api.sgroup.qq.com/v2/users/2EBBD10FC3F875DC7CA9CF9CA3686706/messages, 错误代码: 400, 返回内容: {'message': '主动消息超过频率限制', 'code': 40073001, 'err_code': 40073001, 'trace_id': '183d11864060e18837cd9cb2881c4b8a'}, trace_id:183d11864060e18837cd9cb2881c4b8a
2025-02-25 17:28:52,578	[INFO]	(client.py:162)_bot_login	[botpy] 登录机器人账号中...
2025-02-25 17:28:52,737	[INFO]	(robot.py:65)update_access_token	[botpy] access_token expires_in 6531
2025-02-25 17:28:53,183	[INFO]	(client.py:181)_bot_init	[botpy] 程序启动...
2025-02-25 17:28:53,183	[INFO]	(connection.py:60)multi_run	[botpy] 最大并发连接数: 1, 启动会话数: 1
2025-02-25 17:28:53,183	[INFO]	(client.py:242)bot_connect	[botpy] 会话启动中...
2025-02-25 17:28:53,183	[INFO]	(gateway.py:115)ws_connect	[botpy] 启动中...
2025-02-25 17:28:53,312	[INFO]	(gateway.py:142)ws_identify	[botpy] 鉴权中...
2025-02-25 17:28:53,390	[INFO]	(gateway.py:85)on_message	[botpy] 机器人「电费通知可爱妹妹-测试中」启动成功！
2025-02-25 17:28:53,390	[INFO]	(gateway.py:223)_send_heart	[botpy] 心跳维持启动...
2025-02-25 17:28:53,390	[INFO]	(Elect_bot.py:62)on_ready	机器人「电费通知可爱妹妹-测试中」已上线！
2025-02-25 17:29:47,270	[INFO]	(client.py:162)_bot_login	[botpy] 登录机器人账号中...
2025-02-25 17:29:47,419	[INFO]	(robot.py:65)update_access_token	[botpy] access_token expires_in 6477
2025-02-25 17:29:48,158	[INFO]	(client.py:181)_bot_init	[botpy] 程序启动...
2025-02-25 17:29:48,158	[INFO]	(connection.py:60)multi_run	[botpy] 最大并发连接数: 1, 启动会话数: 1
2025-02-25 17:29:48,159	[INFO]	(client.py:242)bot_connect	[botpy] 会话启动中...
2025-02-25 17:29:48,159	[INFO]	(gateway.py:115)ws_connect	[botpy] 启动中...
2025-02-25 17:29:48,290	[INFO]	(gateway.py:142)ws_identify	[botpy] 鉴权中...
2025-02-25 17:29:48,358	[INFO]	(gateway.py:85)on_message	[botpy] 机器人「电费通知可爱妹妹-测试中」启动成功！
2025-02-25 17:29:48,358	[INFO]	(gateway.py:223)_send_heart	[botpy] 心跳维持启动...
2025-02-25 17:29:48,358	[INFO]	(Elect_bot.py:62)on_ready	机器人「电费通知可爱妹妹-测试中」已上线！
2025-02-25 17:33:00,330	[INFO]	(client.py:162)_bot_login	[botpy] 登录机器人账号中...
2025-02-25 17:33:00,486	[INFO]	(robot.py:65)update_access_token	[botpy] access_token expires_in 6283
2025-02-25 17:33:00,981	[INFO]	(client.py:181)_bot_init	[botpy] 程序启动...
2025-02-25 17:33:00,981	[INFO]	(connection.py:60)multi_run	[botpy] 最大并发连接数: 1, 启动会话数: 1
2025-02-25 17:33:00,981	[INFO]	(client.py:242)bot_connect	[botpy] 会话启动中...
2025-02-25 17:33:00,981	[INFO]	(gateway.py:115)ws_connect	[botpy] 启动中...
2025-02-25 17:33:01,115	[INFO]	(gateway.py:142)ws_identify	[botpy] 鉴权中...
2025-02-25 17:33:01,188	[INFO]	(gateway.py:85)on_message	[botpy] 机器人「电费通知可爱妹妹-测试中」启动成功！
2025-02-25 17:33:01,188	[INFO]	(gateway.py:223)_send_heart	[botpy] 心跳维持启动...
2025-02-25 17:33:01,188	[INFO]	(Elect_bot.py:62)on_ready	机器人「电费通知可爱妹妹-测试中」已上线！
2025-02-25 17:33:53,690	[INFO]	(client.py:162)_bot_login	[botpy] 登录机器人账号中...
2025-02-25 17:33:53,833	[INFO]	(robot.py:65)update_access_token	[botpy] access_token expires_in 6230
2025-02-25 17:33:54,290	[INFO]	(client.py:181)_bot_init	[botpy] 程序启动...
2025-02-25 17:33:54,290	[INFO]	(connection.py:60)multi_run	[botpy] 最大并发连接数: 1, 启动会话数: 1
2025-02-25 17:33:54,290	[INFO]	(client.py:242)bot_connect	[botpy] 会话启动中...
2025-02-25 17:33:54,290	[INFO]	(gateway.py:115)ws_connect	[botpy] 启动中...
2025-02-25 17:33:54,434	[INFO]	(gateway.py:142)ws_identify	[botpy] 鉴权中...
2025-02-25 17:33:54,767	[INFO]	(gateway.py:85)on_message	[botpy] 机器人「电费通知可爱妹妹-测试中」启动成功！
2025-02-25 17:33:54,767	[INFO]	(gateway.py:223)_send_heart	[botpy] 心跳维持启动...
2025-02-25 17:33:54,767	[INFO]	(Elect_bot.py:62)on_ready	机器人「电费通知可爱妹妹-测试中」已上线！
2025-02-25 17:38:10,449	[INFO]	(client.py:162)_bot_login	[botpy] 登录机器人账号中...
2025-02-25 17:38:10,579	[INFO]	(robot.py:65)update_access_token	[botpy] access_token expires_in 5973
2025-02-25 17:38:11,055	[INFO]	(client.py:181)_bot_init	[botpy] 程序启动...
2025-02-25 17:38:11,055	[INFO]	(connection.py:60)multi_run	[botpy] 最大并发连接数: 1, 启动会话数: 1
2025-02-25 17:38:11,055	[INFO]	(client.py:242)bot_connect	[botpy] 会话启动中...
2025-02-25 17:38:11,055	[INFO]	(gateway.py:115)ws_connect	[botpy] 启动中...
2025-02-25 17:38:11,206	[INFO]	(gateway.py:142)ws_identify	[botpy] 鉴权中...
2025-02-25 17:38:11,311	[INFO]	(gateway.py:85)on_message	[botpy] 机器人「电费通知可爱妹妹-测试中」启动成功！
2025-02-25 17:38:11,311	[INFO]	(gateway.py:223)_send_heart	[botpy] 心跳维持启动...
2025-02-25 17:38:11,311	[INFO]	(Elect_bot.py:62)on_ready	机器人「电费通知可爱妹妹-测试中」已上线！
2025-02-25 17:45:30,315	[INFO]	(client.py:162)_bot_login	[botpy] 登录机器人账号中...
2025-02-25 17:45:30,456	[INFO]	(robot.py:65)update_access_token	[botpy] access_token expires_in 5534
2025-02-25 17:45:30,955	[INFO]	(client.py:181)_bot_init	[botpy] 程序启动...
2025-02-25 17:45:30,955	[INFO]	(connection.py:60)multi_run	[botpy] 最大并发连接数: 1, 启动会话数: 1
2025-02-25 17:45:30,955	[INFO]	(client.py:242)bot_connect	[botpy] 会话启动中...
2025-02-25 17:45:30,955	[INFO]	(gateway.py:115)ws_connect	[botpy] 启动中...
2025-02-25 17:45:31,329	[INFO]	(gateway.py:142)ws_identify	[botpy] 鉴权中...
2025-02-25 17:45:31,420	[INFO]	(gateway.py:85)on_message	[botpy] 机器人「电费通知可爱妹妹-测试中」启动成功！
2025-02-25 17:45:31,420	[INFO]	(gateway.py:223)_send_heart	[botpy] 心跳维持启动...
2025-02-25 17:45:31,420	[INFO]	(Elect_bot.py:32)on_ready	机器人「电费通知可爱妹妹-测试中」已上线！
2025-02-25 17:45:41,018	[ERROR]	(Elect_bot.py:63)on_c2c_message_create	查询失败: name 'ece' is not defined
2025-02-25 17:47:15,455	[INFO]	(client.py:162)_bot_login	[botpy] 登录机器人账号中...
2025-02-25 17:47:15,582	[INFO]	(robot.py:65)update_access_token	[botpy] access_token expires_in 5428
2025-02-25 17:47:17,356	[INFO]	(client.py:181)_bot_init	[botpy] 程序启动...
2025-02-25 17:47:17,356	[INFO]	(connection.py:60)multi_run	[botpy] 最大并发连接数: 1, 启动会话数: 1
2025-02-25 17:47:17,356	[INFO]	(client.py:242)bot_connect	[botpy] 会话启动中...
2025-02-25 17:47:17,356	[INFO]	(gateway.py:115)ws_connect	[botpy] 启动中...
2025-02-25 17:47:17,478	[INFO]	(gateway.py:142)ws_identify	[botpy] 鉴权中...
2025-02-25 17:47:17,575	[INFO]	(gateway.py:85)on_message	[botpy] 机器人「电费通知可爱妹妹-测试中」启动成功！
2025-02-25 17:47:17,575	[INFO]	(gateway.py:223)_send_heart	[botpy] 心跳维持启动...
2025-02-25 17:47:17,575	[INFO]	(Elect_bot.py:36)on_ready	机器人「电费通知可爱妹妹-测试中」已上线！
2025-02-25 17:47:23,107	[ERROR]	(Elect_bot.py:67)on_c2c_message_create	查询失败: name 'ece' is not defined
2025-02-25 20:39:18,340	[INFO]	(gateway.py:56)on_closed	[botpy] 关闭, 返回码: 1006, 返回信息: None
2025-02-25 20:39:18,341	[INFO]	(gateway.py:134)ws_connect	[botpy] ws关闭, 停止接收消息!
2025-02-25 20:39:23,355	[INFO]	(connection.py:60)multi_run	[botpy] 最大并发连接数: 1, 启动会话数: 1
2025-02-25 20:39:23,355	[INFO]	(client.py:242)bot_connect	[botpy] 会话启动中...
2025-02-25 20:39:23,355	[INFO]	(gateway.py:115)ws_connect	[botpy] 启动中...
2025-02-25 20:39:23,498	[INFO]	(gateway.py:175)ws_resume	[botpy] 重连启动...
2025-02-25 20:39:23,681	[INFO]	(robot.py:65)update_access_token	[botpy] access_token expires_in 7200
2025-02-25 20:39:23,764	[INFO]	(gateway.py:90)on_message	[botpy] 机器人重连成功! 
2025-02-25 20:39:23,764	[INFO]	(gateway.py:223)_send_heart	[botpy] 心跳维持启动...
2025-02-25 20:41:15,883	[INFO]	(client.py:162)_bot_login	[botpy] 登录机器人账号中...
2025-02-25 20:41:16,014	[INFO]	(robot.py:65)update_access_token	[botpy] access_token expires_in 7088
2025-02-25 20:41:16,525	[INFO]	(client.py:181)_bot_init	[botpy] 程序启动...
2025-02-25 20:41:16,525	[INFO]	(connection.py:60)multi_run	[botpy] 最大并发连接数: 1, 启动会话数: 1
2025-02-25 20:41:16,525	[INFO]	(client.py:242)bot_connect	[botpy] 会话启动中...
2025-02-25 20:41:16,525	[INFO]	(gateway.py:115)ws_connect	[botpy] 启动中...
2025-02-25 20:41:16,673	[INFO]	(gateway.py:142)ws_identify	[botpy] 鉴权中...
2025-02-25 20:41:16,792	[INFO]	(gateway.py:85)on_message	[botpy] 机器人「电费通知可爱妹妹-测试中」启动成功！
2025-02-25 20:41:16,792	[INFO]	(gateway.py:223)_send_heart	[botpy] 心跳维持启动...
2025-02-25 20:41:16,792	[INFO]	(Elect_bot.py:36)on_ready	机器人「电费通知可爱妹妹-测试中」已上线！
2025-02-25 20:41:22,850	[ERROR]	(Elect_bot.py:67)on_c2c_message_create	查询失败: ECampusElectricity.get_myRoom() takes 4 positional arguments but 5 were given
2025-02-25 20:41:41,433	[INFO]	(client.py:162)_bot_login	[botpy] 登录机器人账号中...
2025-02-25 20:41:41,566	[INFO]	(robot.py:65)update_access_token	[botpy] access_token expires_in 7062
2025-02-25 20:41:42,344	[INFO]	(client.py:181)_bot_init	[botpy] 程序启动...
2025-02-25 20:41:42,344	[INFO]	(connection.py:60)multi_run	[botpy] 最大并发连接数: 1, 启动会话数: 1
2025-02-25 20:41:42,344	[INFO]	(client.py:242)bot_connect	[botpy] 会话启动中...
2025-02-25 20:41:42,344	[INFO]	(gateway.py:115)ws_connect	[botpy] 启动中...
2025-02-25 20:41:42,477	[INFO]	(gateway.py:142)ws_identify	[botpy] 鉴权中...
2025-02-25 20:41:42,569	[INFO]	(gateway.py:85)on_message	[botpy] 机器人「电费通知可爱妹妹-测试中」启动成功！
2025-02-25 20:41:42,569	[INFO]	(gateway.py:223)_send_heart	[botpy] 心跳维持启动...
2025-02-25 20:41:42,569	[INFO]	(Elect_bot.py:36)on_ready	机器人「电费通知可爱妹妹-测试中」已上线！
2025-02-25 22:43:53,003	[INFO]	(client.py:162)_bot_login	[botpy] 登录机器人账号中...
2025-02-25 22:43:53,162	[INFO]	(robot.py:65)update_access_token	[botpy] access_token expires_in 6918
2025-02-25 22:43:53,636	[INFO]	(client.py:181)_bot_init	[botpy] 程序启动...
2025-02-25 22:43:53,637	[INFO]	(connection.py:60)multi_run	[botpy] 最大并发连接数: 1, 启动会话数: 1
2025-02-25 22:43:53,637	[INFO]	(client.py:242)bot_connect	[botpy] 会话启动中...
2025-02-25 22:43:53,637	[INFO]	(gateway.py:115)ws_connect	[botpy] 启动中...
2025-02-25 22:43:53,784	[INFO]	(gateway.py:142)ws_identify	[botpy] 鉴权中...
2025-02-25 22:43:54,110	[INFO]	(gateway.py:85)on_message	[botpy] 机器人「电费通知可爱妹妹-测试中」启动成功！
2025-02-25 22:43:54,111	[INFO]	(gateway.py:223)_send_heart	[botpy] 心跳维持启动...
2025-02-25 22:43:54,111	[INFO]	(Elect_bot.py:37)on_ready	机器人「电费通知可爱妹妹-测试中」已上线！
2025-07-13 22:36:56,146	[INFO]	(client.py:162)_bot_login	[botpy] 登录机器人账号中...
2025-07-13 22:36:56,239	[ERROR]	(robot.py:63)update_access_token	[botpy] 获取token失败，请检查appid和secret填写是否正确！
